{Airspace}
$TYPE=5
; CYYZ 33 ARR BOX
43.6606972+-79.6239039
43.5562964+-79.6981183
43.5562964+-79.6981183
43.3156828+-79.3771094
43.3156828+-79.3771094
43.4750000+-79.1500000
43.4750000+-79.1500000
43.6867317+-79.4265681
43.6867317+-79.4265681
43.6794597+-79.5967261
-1
;3K-BELOW
43.5666114+-79.2696647
43.4105303+-79.5036478
-1
;2K-BELOW
43.4625256+-79.5730158
43.5555556+-79.4333333
43.5555556+-79.4333333
43.6162200+-79.4468139
43.6162200+-79.4468139
43.6248267+-79.4526039
43.6248267+-79.4526039
43.6332397+-79.4557103
43.6332397+-79.4557103
43.6419311+-79.4567661
43.6419311+-79.4567661
43.6506036+-79.4557081
43.6506036+-79.4557081
43.6590239+-79.4526006
43.6590239+-79.4526006
43.6669675+-79.4474806
43.6669675+-79.4474806
43.6740633+-79.4405981
43.6740633+-79.4405981
43.6802333+-79.4320953
43.6802333+-79.4320953
43.6847236+-79.4239453
-1
; Corridor
$TYPE=9
43.7426567+-79.4996172
44.0805514+-79.2592417
-1
44.0805514+-79.2592417
44.1031831+-79.3189939
-1
44.1031831+-79.3189939
43.8814494+-79.4775528
-1
43.8814494+-79.4775528
43.8714544+-79.8112072
-1
43.8714544+-79.8112072
44.1587686+-80.1201675
-1
44.1587686+-80.1201675
44.1280550+-80.1728969
-1
44.1280550+-80.1728969
43.9080822+-79.9358636
-1
43.9080822+-79.9358636
43.8420983+-79.8650608
-1
43.8420983+-79.8650608
43.5954989+-79.9661144
-1
43.5954989+-79.9661144
43.5664942+-80.0744019
-1
43.5664942+-80.0744019
43.4817547+-80.3895886
-1
43.4817547+-80.3895886
43.4346619+-80.3687853
-1
43.4346619+-80.3687853
43.5502286+-79.9426319
-1
43.5502286+-79.9426319
43.5950633+-79.7498781
-1
43.8814494+-79.4775525
43.8561358+-79.4188889
-1
43.8714536+-79.8112092
43.8420983+-79.8650608
-1
43.5954992+-79.9661142
43.5500817+-79.9431747
-1
;pre-decent
43.5562964+-79.6981183
43.6055556+-79.7638889
43.6055556+-79.7638889
43.6700000+-79.7511111
43.6700000+-79.7511111
43.7627778+-79.6150000
43.7627778+-79.6150000
43.7652778+-79.5291667
43.7652778+-79.5291667
43.6867317+-79.4265681
-1

{TCA}
$TYPE=9
;Toronto
43.5459097+-80.2102200
43.8808900+-80.3199953
-1
43.8808900+-80.3199953
43.9893289+-80.0174397
-1
44.0913897+-79.6316697
44.0897397+-79.5794700
-1
44.0897397+-79.5794700
44.0848097+-79.5276597
-1
44.0848097+-79.5276597
44.0766300+-79.4766500
-1
44.0766300+-79.4766500
44.0652600+-79.4268100
-1
44.0652600+-79.4268100
44.0507897+-79.3785400
-1
44.0507897+-79.3785400
44.0333400+-79.3321897
-1
44.0333400+-79.3321897
44.0130300+-79.2881200
-1
44.0130300+-79.2881200
43.9900097+-79.2466600
-1
43.9900097+-79.2466600
43.9644697+-79.2081400
-1
43.9644697+-79.2081400
43.9365997+-79.1728397
-1
43.9365997+-79.1728397
43.9066100+-79.1410300
-1
43.9066100+-79.1410300
43.8747297+-79.1129497
-1
43.8747297+-79.1129497
43.8411897+-79.0888197
-1
43.8411897+-79.0888197
43.8062697+-79.0688300
-1
43.8062697+-79.0688300
43.7702097+-79.0531200
-1
43.7702097+-79.0531200
43.7333100+-79.0418097
-1
43.7333100+-79.0418097
43.6958300+-79.0349897
-1
43.6958300+-79.0349897
43.6580597+-79.0327097
-1
43.6580597+-79.0327097
43.6202897+-79.0349897
-1
43.6202897+-79.0349897
43.5828100+-79.0418097
-1
43.5828100+-79.0418097
43.5459000+-79.0531200
-1
43.5459000+-79.0531200
43.5098500+-79.0688300
-1
43.5098500+-79.0688300
43.4749300+-79.0888300
-1
43.4749300+-79.0888300
43.4413897+-79.1129497
-1
43.4413897+-79.1129497
43.4095097+-79.1410300
-1
43.4095097+-79.1410300
43.3795197+-79.1728397
-1
43.3795197+-79.1728397
43.3516497+-79.2081400
-1
43.3516497+-79.2081400
43.3261097+-79.2466600
-1
43.3261097+-79.2466600
43.3030897+-79.2881200
-1
43.3030897+-79.2881200
43.2827800+-79.3321897
-1
43.2827800+-79.3321897
43.2653297+-79.3785400
-1
43.2653297+-79.3785400
43.2508600+-79.4268100
-1
43.2508600+-79.4268100
43.2394900+-79.4766500
-1
43.2394900+-79.4766500
43.2313100+-79.5276597
-1
43.2313100+-79.5276597
43.2263797+-79.5794700
-1
43.2263797+-79.5794700
43.2247300+-79.6316697
-1
43.2247300+-79.6316697
43.2263797+-79.6838697
-1
43.2263797+-79.6838697
43.2313100+-79.7356800
-1
43.2313100+-79.7356800
43.2394900+-79.7866897
-1
43.2394900+-79.7866897
43.2508600+-79.8365297
-1
43.2508600+-79.8365297
43.2653297+-79.8847997
-1
43.2653297+-79.8847997
43.2827800+-79.9311500
-1
43.2827800+-79.9311500
43.3030897+-79.9752197
-1
43.3030897+-79.9752197
43.3261097+-80.0166797
-1
43.3261097+-80.0166797
43.3516497+-80.0551997
-1
43.3516497+-80.0551997
43.3795197+-80.0905000
-1
43.3795197+-80.0905000
43.4095097+-80.1223097
-1
43.4095097+-80.1223097
43.4413897+-80.1503900
-1
43.4413897+-80.1503900
43.4749300+-80.1745200
-1
43.4749300+-80.1745200
43.5098500+-80.1945097
-1
43.5098500+-80.1945097
43.5459097+-80.2102200
-1
43.9893289+-80.0174397
44.0130300+-79.9752197
-1
44.0130300+-79.9752197
44.0333400+-79.9311500
-1
44.0333400+-79.9311500
44.0507897+-79.8847997
-1
44.0507897+-79.8847997
44.0652600+-79.8365297
-1
44.0652600+-79.8365297
44.0766300+-79.7866897
-1
44.0766300+-79.7866897
44.0848097+-79.7356800
-1
44.0848097+-79.7356800
44.0897397+-79.6838697
-1
44.0897397+-79.6838697
44.0913897+-79.6316697
-1

{STARS}
$TYPE=6
;LINNG to MERKI
43.3027469+-79.3547969
43.4238889+-79.3133328
-1
;NUBER to REVOV
43.4577778+-80.3774997
43.5097497+-80.1910778
43.5945778+-79.8725058
43.6187919+-79.7233028
-1
;BOXUM to ERBUS
44.1780558+-80.2016669
44.0177778+-80.0011108
43.7492328+-79.7220328
-1
;ERBUS to MIRUG
43.7492328+-79.7220328
43.7350078+-79.5404078
-1
;ERBUS to REVOV
43.7492328+-79.7220328
43.6187919+-79.7233028
-1
;RAGID to MIRUG
44.0419439+-78.8050000
43.9847219+-79.1883328
43.9558328+-79.3877778
43.7350078+-79.5404078
-1
;IMEBA to MIRUG
44.2494439+-79.0544439
43.9847219+-79.1883328
43.9558328+-79.3877778
43.7350078+-79.5404078
-1
;MIRUG to KEDSU
43.7350078+-79.5404078
43.5958528+-79.3595528
43.4826808+-79.2241750
-1
;REVOV to ALMAX
43.6187919+-79.7233028
43.3657669+-79.3944997
-1
;MERKI to AGBEK
43.4238889+-79.3133328
43.4985969+-79.3907669
43.5540108+-79.4625328
-1
;MERKI to ERBAN
43.4238889+-79.3133328
43.4796808+-79.3844169
43.5522858+-79.4784578
-1

;CYYZ Toronto Pearson Runways
$TYPE=4
43.6743944+-79.6637111
43.6942194+-79.6349194
-1
43.6583000+-79.6219278
43.6752889+-79.5972361
-1
43.6610500+-79.6234278
43.6789778+-79.5973694
-1
43.6848833+-79.6511778
43.6691278+-79.6305972
-1
43.6928083+-79.6432944
43.6707972+-79.6145500
-1

{CYYZ GLIDE SLOPE 33L}
$TYPE=2
43.6158639+-79.5611358
43.5778333+-79.5116667
-1
;CYYZ Final Gate 33L  
$TYPE=17     
43.6435394+-79.5964108
43.6423067+-79.5961256
43.6423067+-79.5961256
43.6421006+-79.5978292
43.6421006+-79.5978292
43.6433333+-79.5981144
43.6433333+-79.5981144
43.6435394+-79.5964108
-1

{CYYZ GP SLOPE 33L}
$TYPE=8
43.5452211+-79.4677331
43.5419417+-79.4669331
-1
43.5432914+-79.4695931
43.5438714+-79.4654825
-1
;5000 GP
43.5095819+-79.4214761
43.5063025+-79.4206761
-1
43.5076522+-79.4233361
43.5082322+-79.4188161
-1

{CYYZ MILE 33L}
$TYPE=1
;Mile 8 (33L)
43.5684436+-79.4989519
43.5679439+-79.4996419
43.5679439+-79.4996419
43.5674442+-79.4989519
43.5674442+-79.4989519
43.5679439+-79.4982622
43.5679439+-79.4982622
43.5684436+-79.4989519
-1
;Mile 9 (33L)
43.5564625+-79.4834031
43.5559628+-79.4840931
43.5559628+-79.4840931
43.5554631+-79.4834031
43.5554631+-79.4834031
43.5559628+-79.4827133
43.5559628+-79.4827133
43.5564625+-79.4834031
-1
;Mile 10 (33L)
43.5443447+-79.4676656
43.5438450+-79.4683556
43.5438450+-79.4683556
43.5433453+-79.4676656
43.5433453+-79.4676656
43.5438450+-79.4669758
43.5438450+-79.4669758
43.5443447+-79.4676656
-1
;Mile 11 (33L)
43.5322914+-79.4520353
43.5317917+-79.4527253
43.5317917+-79.4527253
43.5312919+-79.4520353
43.5312919+-79.4520353
43.5317917+-79.4513456
43.5317917+-79.4513456
43.5322914+-79.4520353
-1
;Mile 12 (33L)
43.5201700+-79.4362967
43.5196703+-79.4369867
43.5196703+-79.4369867
43.5191706+-79.4362967
43.5191706+-79.4362967
43.5196703+-79.4356069
43.5196703+-79.4356069
43.5201700+-79.4362967
-1
;Mile 13 (33L)
43.5081200+-79.4206556
43.5076203+-79.4213456
43.5076203+-79.4213456
43.5071206+-79.4206556
43.5071206+-79.4206556
43.5076203+-79.4199658
43.5076203+-79.4199658
43.5081200+-79.4206556
-1
;Mile 14 (33L)
43.4959978+-79.4049242
43.4954981+-79.4056142
43.4954981+-79.4056142
43.4949983+-79.4049242
43.4949983+-79.4049242
43.4954981+-79.4042344
43.4954981+-79.4042344
43.4959978+-79.4049242
-1
;Mile 15 (33L)
43.4839361+-79.3892769
43.4834364+-79.3899669
43.4834364+-79.3899669
43.4829367+-79.3892769
43.4829367+-79.3892769
43.4834364+-79.3885872
43.4834364+-79.3885872
43.4839361+-79.3892769
-1
;Mile 16 (33L)
43.4718153+-79.3735578
43.4713156+-79.3742486
43.4713156+-79.3742478
43.4708158+-79.3735578
43.4708158+-79.3735578
43.4713156+-79.3728681
43.4713156+-79.3728681
43.4718153+-79.3735578
-1
;Mile 17 (33L)
43.4596944+-79.3578239
43.4591947+-79.3585139
43.4591947+-79.3585139
43.4586950+-79.3578239
43.4586950+-79.3578239
43.4591947+-79.3571342
43.4591947+-79.3571342
43.4596944+-79.3578239
-1
;Mile 18 (33L)
43.4477278+-79.3422922
43.4472281+-79.3429822
43.4472281+-79.3429822
43.4467283+-79.3422922
43.4467283+-79.3422922
43.4472281+-79.3416025
43.4472281+-79.3416025
43.4477278+-79.3422922
-1
;Mile 19 (33L)
43.4355164+-79.3264481
43.4350167+-79.3271381
43.4350167+-79.3271381
43.4345169+-79.3264481
43.4345169+-79.3264481
43.4350167+-79.3257583
43.4350167+-79.3257583
43.4355164+-79.3264481
-1
;Mile 20 (33L)
43.4235558+-79.3109256
43.4230561+-79.3116156
43.4230561+-79.3116156
43.4225564+-79.3109256
43.4225564+-79.3109256
43.4230561+-79.3102358
43.4230561+-79.3102358
43.4235558+-79.3109256
-1

{CYYZ GLIDE SLOPE 33R}
$TYPE=2
43.6195000+-79.5477778
43.5788056+-79.4947222
-1
;CYYZ Final Gate 33R
$TYPE=17
43.6473694+-79.5829706
43.6461367+-79.5826856
43.6461367+-79.5826856
43.6459306+-79.5843894
43.6459306+-79.5843894
43.6471633+-79.5846744
43.6471633+-79.5846744
43.6473694+-79.5829706
-1

{CYYZ GP 33R}
$TYPE=8
;4000 GP
43.5471422+-79.4520847
43.5438628+-79.4512847
-1
43.5452125+-79.4539447
43.5457925+-79.4494247
-1
;5000 GP
43.5111292+-79.4053372
43.5078497+-79.4045372
-1
43.5091994+-79.4071972
43.5097794+-79.4026772
-1

{CYYZ MILE 33R}
$TYPE=1
;Mile 8 (33R)
43.5698942+-79.4827086
43.5693944+-79.4833986
43.5693944+-79.4833986
43.5688947+-79.4827086
43.5688947+-79.4827086
43.5693944+-79.4820189
43.5693944+-79.4820189
43.5698942+-79.4827086
-1
;Mile 9 (33R)
43.5578564+-79.4670767
43.5573567+-79.4677667
43.5573567+-79.4677667
43.5568569+-79.4670767
43.5568569+-79.4670767
43.5573567+-79.4663869
43.5573567+-79.4663869
43.5578564+-79.4670767
-1
;Mile 10 (33R)
43.5457272+-79.4513347
43.5452275+-79.4520247
43.5452275+-79.4520247
43.5447278+-79.4513347
43.5447278+-79.4513347
43.5452275+-79.4506450
43.5452275+-79.4506450
43.5457272+-79.4513347
-1
;Mile 11 (33R)
43.5336058+-79.4355958
43.5331061+-79.4362858
43.5331061+-79.4362858
43.5326064+-79.4355958
43.5326064+-79.4355958
43.5331061+-79.4349061
43.5331061+-79.4349061
43.5336058+-79.4355958
-1
;Mile 12 (33R)
43.5214839+-79.4198542
43.5209842+-79.4205442
43.5209842+-79.4205442
43.5204844+-79.4198542
43.5204844+-79.4198542
43.5209842+-79.4191644
43.5209842+-79.4191644
43.5214839+-79.4198542
-1
;Mile 13 (33R)
43.5095292+-79.4043258
43.5090294+-79.4050158
43.5090294+-79.4050158
43.5085297+-79.4043258
43.5085297+-79.4043258
43.5090294+-79.4036361
43.5090294+-79.4036361
43.5095292+-79.4043258
-1
;Mile 14 (33R)
43.4973225+-79.3885186
43.4968228+-79.3892086
43.4968228+-79.3892086
43.4963231+-79.3885186
43.4963231+-79.3885186
43.4968228+-79.3878289
43.4968228+-79.3878289
43.4973225+-79.3885186
-1
;Mile 15 (33R)
43.4851964+-79.3727922
43.4846967+-79.3734822
43.4846967+-79.3734822
43.4841969+-79.3727922
43.4841969+-79.3727922
43.4846967+-79.3721025
43.4846967+-79.3721025
43.4851964+-79.3727922
-1
;Mile 16 (33R)
43.4731083+-79.3570933
43.4726086+-79.3577833
43.4726086+-79.3577833
43.4721089+-79.3570933
43.4721089+-79.3570933
43.4726086+-79.3564036
43.4726086+-79.3564036
43.4731083+-79.3570933
-1
;Mile 17 (33R)
43.4610375+-79.3414378
43.4605378+-79.3421278
43.4605378+-79.3421278
43.4600381+-79.3414378
43.4600381+-79.3414378
43.4605378+-79.3407481
43.4605378+-79.3407481
43.4610375+-79.3414378
-1
;Mile 18 (33R)
43.4490617+-79.3258639
43.4485619+-79.3265539
43.4485619+-79.3265539
43.4480622+-79.3258639
43.4480622+-79.3258639
43.4485619+-79.3251742
43.4485619+-79.3251742
43.4490617+-79.3258639
-1
;Mile 19 (33R)
43.4369469+-79.3101644
43.4364472+-79.3108544
43.4364472+-79.3108544
43.4359475+-79.3101644
43.4359475+-79.3101644
43.4364472+-79.3094747
43.4364472+-79.3094747
43.4369469+-79.3101644
-1
;Mile 20 (33R)
43.4247975+-79.2943928
43.4242978+-79.2950828
43.4242978+-79.2950828
43.4237981+-79.2943928
43.4237981+-79.2943928
43.4242978+-79.2937031
43.4242978+-79.2937031
43.4247975+-79.2943928
-1

{Satellite}
; West Satellite (WS)
$TYPE=9     
42.7786353+-80.9029386
43.1608006+-80.6612300
-1
43.1608006+-80.6612300
43.1913267+-80.8222531
-1
43.1913267+-80.8222531
43.3862311+-80.9791986
-1
43.3862311+-80.9791986
43.9166667+-81.0000000
-1
43.9166667+-81.0000000
43.8462039+-80.4195367
-1
43.8462039+-80.4170367
43.8808900+-80.3199953
-1
43.8808900+-80.3199953
43.9893289+-80.0174397
-1
43.9893289+-80.0174397
43.6580556+-79.6316667
-1
43.6580556+-79.6316667
43.2256267+-79.6032958
-1
43.2256267+-79.6032958
42.8947961+-79.4393739
-1
43.2256267+-79.6032958
43.2247300+-79.6316697
-1
43.2247300+-79.6316697
43.2263797+-79.6838697
-1
43.2263797+-79.6838697
43.2313100+-79.7356800
-1
43.2313100+-79.7356800
43.2394900+-79.7866897
-1
43.2394900+-79.7866897
43.2508600+-79.8365297
-1
43.2508600+-79.8365297
43.2653297+-79.8847997
-1
43.2653297+-79.8847997
43.2827800+-79.9311500
-1
43.2827800+-79.9311500
43.3030897+-79.9752197
-1
43.3030897+-79.9752197
43.3261097+-80.0166797
-1
43.3261097+-80.0166797
43.3516497+-80.0551997
-1
43.3516497+-80.0551997
43.3795197+-80.0905000
-1
43.3795197+-80.0905000
43.4095097+-80.1223097
-1
43.4095097+-80.1223097
43.4413897+-80.1503900
-1
43.4413897+-80.1503900
43.4749300+-80.1745200
-1
43.4749300+-80.1745200
43.5098500+-80.1945097
-1
43.5098500+-80.1945097
43.5459097+-80.2102200
-1
43.5459097+-80.2102200
43.8808900+-80.3199953
-1
; East Satellite (ES)       
$TYPE=9
43.6102778+-78.7500000
43.5543408+-78.9872278
-1
43.5543408+-78.9872278
43.5678544+-79.0463925
-1
43.5678544+-79.0463925
43.5459000+-79.0531200
-1
43.5459000+-79.0531200
43.5098500+-79.0688300
-1
43.5098500+-79.0688300
43.4749300+-79.0888300
-1
43.4749300+-79.0888300
43.4413897+-79.1129497
-1
43.4413897+-79.1129497
43.4095097+-79.1410300
-1
43.4095097+-79.1410300
43.3795197+-79.1728397
-1
43.3795197+-79.1728397
43.3516497+-79.2081400
-1
43.3516497+-79.2081400
43.3261097+-79.2466600
-1
43.3261097+-79.2466600
43.3030897+-79.2881200
-1
43.3030897+-79.2881200
43.2827800+-79.3321897
-1
43.2827800+-79.3321897
43.2653297+-79.3785400
-1
43.2653297+-79.3785400
43.2508600+-79.4268100
-1
43.2508600+-79.4268100
43.2394900+-79.4766500
-1
43.2394900+-79.4766500
43.2313100+-79.5276597
-1
43.2313100+-79.5276597
43.2263797+-79.5794700
-1
43.2263797+-79.5794700
43.2256267+-79.6032958
-1
43.2256267+-79.6032958
42.8947961+-79.4393739
-1
43.6333333+-78.6777778
43.9419444+-78.5108333
-1
43.9419444+-78.5108333
44.0321236+-78.9830742
-1
44.0321236+-78.9830742
44.2477781+-79.4311111
-1
44.2477781+-79.4311111
44.0901617+-79.5928172
-1
43.2256267+-79.6032958
43.6580556+-79.6316667
-1
43.6580556+-79.6316667
43.9893289+-80.0174397
-1
43.9893289+-80.0174397
44.0130300+-79.9752197
-1
44.0130300+-79.9752197
44.0333400+-79.9311500
-1
44.0333400+-79.9311500
44.0507897+-79.8847997
-1
44.0507897+-79.8847997
44.0652600+-79.8365297
-1
44.0652600+-79.8365297
44.0766300+-79.7866897
-1
44.0766300+-79.7866897
44.0848097+-79.7356800
-1
44.0848097+-79.7356800
44.0897397+-79.6838697
-1
44.0897397+-79.6838697
44.0913897+-79.6316697
-1
44.0913897+-79.6316697
44.0897397+-79.5794700
-1
44.0897397+-79.5794700
44.0848097+-79.5276597
-1
44.0848097+-79.5276597
44.0766300+-79.4766500
-1
44.0766300+-79.4766500
44.0652600+-79.4268100
-1
44.0652600+-79.4268100
44.0507897+-79.3785400
-1
44.0507897+-79.3785400
44.0333400+-79.3321897
-1
44.0333400+-79.3321897
44.0130300+-79.2881200
-1
44.0130300+-79.2881200
43.9900097+-79.2466600
-1
43.9900097+-79.2466600
43.9644697+-79.2081400
-1
43.9644697+-79.2081400
43.9365997+-79.1728397
-1
43.9365997+-79.1728397
43.9066100+-79.1410300
-1
43.9066100+-79.1410300
43.8747297+-79.1129497
-1
43.8747297+-79.1129497
43.8411897+-79.0888197
-1
43.8411897+-79.0888197
43.8062697+-79.0688300
-1
43.8062697+-79.0688300
43.7702097+-79.0531200
-1
43.7702097+-79.0531200
43.7333100+-79.0418097
-1
43.7333100+-79.0418097
43.6958300+-79.0349897
-1
43.6958300+-79.0349897
43.6580597+-79.0327097
-1
43.6580597+-79.0327097
43.6202897+-79.0349897
-1
43.6202897+-79.0349897
43.5828100+-79.0418097
-1
43.5828100+-79.0418097
43.5678544+-79.0463925
-1

{TORONTO CLASS C TCA}
$TYPE=10
;CYYZ (TCA) CLASS C        
43.5531444+-79.3972972
43.5464386+-79.4032506
-1
43.5464386+-79.4032506
43.5399108+-79.4095661
-1
43.5399108+-79.4095661
43.5335714+-79.4162336
-1
43.5335714+-79.4162336
43.5274297+-79.4232419
-1
43.5274297+-79.4232419
43.5214961+-79.4305800
-1
43.5214961+-79.4305800
43.5157800+-79.4382361
-1
43.5157800+-79.4382361
43.5102897+-79.4461981
-1
43.5102897+-79.4461981
43.5050347+-79.4544531
-1
43.5050347+-79.4544531
43.5000231+-79.4629883
-1
43.5000231+-79.4629883
43.4952622+-79.4717900
-1
43.4952622+-79.4717900
43.4907606+-79.4808444
-1
43.4907606+-79.4808444
43.4865244+-79.4901369
-1
43.4865244+-79.4901369
43.4825608+-79.4996528
-1
43.4825608+-79.4996528
43.4788761+-79.5093772
-1
43.4788761+-79.5093772
43.4754758+-79.5192944
-1
43.4754758+-79.5192944
43.4723658+-79.5293892
-1
43.4723658+-79.5293892
43.4695506+-79.5396453
-1
43.4695506+-79.5396453
43.4670344+-79.5500467
-1
43.4670344+-79.5500467
43.4648217+-79.5605767
-1
43.4648217+-79.5605767
43.4629158+-79.5712189
-1
43.4629158+-79.5712189
43.4613197+-79.5819564
-1
43.4613197+-79.5819564
43.4600358+-79.5927722
-1
43.4600358+-79.5927722
43.4590661+-79.6036494
-1
43.4590661+-79.6036494
43.4584125+-79.6145708
-1
43.4584125+-79.6145708
43.4580758+-79.6255192
-1
43.4580758+-79.6255192
43.4580564+-79.6364769
-1
43.4580564+-79.6364769
43.4583544+-79.6474275
-1
43.4583544+-79.6474275
43.4589694+-79.6583531
-1
43.4589694+-79.6583531
43.4599006+-79.6692367
-1
43.4599006+-79.6692367
43.4611461+-79.6800608
-1
43.4611461+-79.6800608
43.4627044+-79.6908089
-1
43.4627044+-79.6908089
43.4645725+-79.7014636
-1
43.4645725+-79.7014636
43.4667481+-79.7120081
-1
43.4667481+-79.7120081
43.4692272+-79.7224261
-1
43.4692272+-79.7224261
43.4720064+-79.7327006
-1
43.4720064+-79.7327006
43.4750808+-79.7428158
-1
43.4750808+-79.7428158
43.4784458+-79.7527558
-1
43.4784458+-79.7527558
43.4820961+-79.7625044
-1
43.4820961+-79.7625044
43.4860258+-79.7720467
-1
43.4860258+-79.7720467
43.4902292+-79.7813672
-1
43.4902292+-79.7813672
43.4946989+-79.7904514
-1
43.4946989+-79.7904514
43.4994283+-79.7992847
-1
43.4994283+-79.7992847
43.5044097+-79.8078533
-1
43.5044097+-79.8078533
43.5096356+-79.8161433
-1
43.5096356+-79.8161433
43.5150975+-79.8241417
-1
43.5150975+-79.8241417
43.5207867+-79.8318358
-1
43.5207867+-79.8318358
43.5266944+-79.8392133
-1
43.5266944+-79.8392133
43.5328108+-79.8462625
-1
43.5328108+-79.8462625
43.5391269+-79.8529719
-1
43.5391269+-79.8529719
43.5456322+-79.8593311
-1
43.5456322+-79.8593311
43.5523167+-79.8653300
-1
43.5523167+-79.8653300
43.5591694+-79.8709583
-1
43.5591694+-79.8709583
43.5661797+-79.8762078
-1
43.5661797+-79.8762078
43.5733367+-79.8810694
-1
43.5733367+-79.8810694
43.5806289+-79.8855356
-1
43.5806289+-79.8855356
43.5880444+-79.8895992
-1
43.5880444+-79.8895992
43.5955719+-79.8932533
-1
43.5955719+-79.8932533
43.6031992+-79.8964922
-1
43.6031992+-79.8964922
43.6109142+-79.8993106
-1
43.6109142+-79.8993106
43.6187050+-79.9017036
-1
43.6187050+-79.9017036
43.6265586+-79.9036675
-1
43.6265586+-79.9036675
43.6344628+-79.9051989
-1
43.6344628+-79.9051989
43.6424053+-79.9062953
-1
43.6424053+-79.9062953
43.6503731+-79.9069547
-1
43.6503731+-79.9069547
43.6583536+-79.9071761
-1
43.6583536+-79.9071761
43.6663342+-79.9069583
-1
43.6663342+-79.9069583
43.6743022+-79.9063022
-1
43.6743022+-79.9063022
43.6822447+-79.9052086
-1
43.6822447+-79.9052086
43.6901494+-79.9036786
-1
43.6901494+-79.9036786
43.6980033+-79.9017150
-1
43.6980033+-79.9017150
43.7057942+-79.8993203
-1
43.7057942+-79.8993203
43.7135092+-79.8964983
-1
43.7135092+-79.8964983
43.7211364+-79.8932536
-1
43.7211364+-79.8932536
43.7286639+-79.8895917
-1
43.7286639+-79.8895917
43.7278822+-79.8858506
-1
43.7278822+-79.8858506
43.7273331+-79.8820319
-1
43.7273331+-79.8820319
43.7270197+-79.8781628
-1
43.7270197+-79.8781628
43.7269450+-79.8742708
-1
43.7269450+-79.8742708
43.7271092+-79.8703844
-1
43.7271092+-79.8703844
43.7275111+-79.8665308
-1
43.7275111+-79.8665308
43.7281481+-79.8627381
-1
43.7281481+-79.8627381
43.7290150+-79.8590331
-1
43.7290150+-79.8590331
43.7301064+-79.8554422
-1
43.7301064+-79.8554422
43.7314139+-79.8519917
-1
43.7314139+-79.8519917
43.7329283+-79.8487056
-1
43.7329283+-79.8487056
43.7346389+-79.8456081
-1
43.7346389+-79.8456081
43.7365333+-79.8427211
-1
43.7365333+-79.8427211
43.7385981+-79.8400653
-1
43.7385981+-79.8400653
43.7408181+-79.8376597
-1
43.7408181+-79.8376597
43.7431778+-79.8355217
-1
43.7431778+-79.8355217
43.7456600+-79.8336667
-1
43.7456600+-79.8336667
43.7482472+-79.8321078
-1
43.7482472+-79.8321078
43.7509208+-79.8308564
-1
43.7509208+-79.8308564
43.7536614+-79.8299217
-1
43.7536614+-79.8299217
43.7564497+-79.8293097
-1
43.7564497+-79.8293097
43.7592653+-79.8290258
-1
43.7592653+-79.8290258
43.7620883+-79.8290714
-1
43.7620883+-79.8290714
43.7648986+-79.8294464
-1
43.7648986+-79.8294464
43.7676756+-79.8301481
-1
43.7676756+-79.8301481
43.7703997+-79.8311717
-1
43.7703997+-79.8311717
43.7730511+-79.8325100
-1
43.7730511+-79.8325100
43.7756111+-79.8341528
-1
43.7756111+-79.8341528
43.7841944+-79.8457111
-1
43.7841944+-79.8457111
43.7902961+-79.8386008
-1
43.7902961+-79.8386008
43.7961869+-79.8311589
-1
43.7961869+-79.8311589
43.8018578+-79.8233972
-1
43.8018578+-79.8233972
43.8072989+-79.8153275
-1
43.8072989+-79.8153275
43.8125017+-79.8069628
-1
43.8125017+-79.8069628
43.8174581+-79.7983167
-1
43.8174581+-79.7983167
43.8221600+-79.7894031
-1
43.8221600+-79.7894031
43.8265997+-79.7802356
-1
43.8265997+-79.7802356
43.8307703+-79.7708297
-1
43.8307703+-79.7708297
43.8346650+-79.7612000
-1
43.8346650+-79.7612000
43.8382772+-79.7513619
-1
43.8382772+-79.7513619
43.8416019+-79.7413314
-1
43.8416019+-79.7413314
43.8446331+-79.7311244
-1
43.8446331+-79.7311244
43.8473658+-79.7207575
-1
43.8473658+-79.7207575
43.8497961+-79.7102472
-1
43.8497961+-79.7102472
43.8519200+-79.6996106
-1
43.8519200+-79.6996106
43.8537339+-79.6888647
-1
43.8537339+-79.6888647
43.8552350+-79.6780267
-1
43.8552350+-79.6780267
43.8564206+-79.6671139
-1
43.8564206+-79.6671139
43.8572892+-79.6561442
-1
43.8572892+-79.6561442
43.8578392+-79.6451350
-1
43.8578392+-79.6451350
43.8580697+-79.6341042
-1
43.8580697+-79.6341042
43.8579806+-79.6230694
-1
43.8579806+-79.6230694
43.8575714+-79.6120486
-1
43.8575714+-79.6120486
43.8568436+-79.6010592
-1
43.8568436+-79.6010592
43.8557978+-79.5901192
-1
43.8557978+-79.5901192
43.8544356+-79.5792458
-1
43.8544356+-79.5792458
43.8527597+-79.5684572
-1
43.8527597+-79.5684572
43.8507722+-79.5577700
-1
43.8507722+-79.5577700
43.8484769+-79.5472019
-1
43.8484769+-79.5472019
43.8458772+-79.5367697
-1
43.8458772+-79.5367697
43.8429772+-79.5264900
-1
43.8429772+-79.5264900
43.8397817+-79.5163794
-1
43.8397817+-79.5163794
43.8362958+-79.5064544
-1
43.8362958+-79.5064544
43.8325250+-79.4967308
-1
43.8325250+-79.4967308
43.8284756+-79.4872242
-1
43.8284756+-79.4872242
43.8241539+-79.4779494
-1
43.8241539+-79.4779494
43.8195667+-79.4689222
-1
43.8195667+-79.4689222
43.8142231+-79.4641272
-1
43.8142231+-79.4641272
43.8091600+-79.4587842
-1
43.8091600+-79.4587842
43.8044069+-79.4529233
-1
43.8044069+-79.4529233
43.7999917+-79.4465792
-1
43.7999917+-79.4465792
43.7959400+-79.4397889
-1
43.7959400+-79.4397889
43.7922756+-79.4325917
-1
43.7922756+-79.4325917
43.7890194+-79.4250297
-1
43.7890194+-79.4250297
43.7861917+-79.4171472
-1
43.7861917+-79.4171472
43.7251028+-79.4021750
-1
43.7251028+-79.4021750
43.7067556+-79.3983083
-1
43.7067556+-79.3983083
43.6910833+-79.4709889
-1
43.6910833+-79.4709889
43.6831333+-79.4700289
-1
43.6831333+-79.4700289
43.6751531+-79.4698583
-1
43.6751531+-79.4698583
43.6671828+-79.4704400
-1
43.6671828+-79.4704400
43.6592603+-79.4717706
-1
43.6592603+-79.4717706
43.6514222+-79.4738442
-1
43.6514222+-79.4738442
43.6437053+-79.4766500
-1
43.6437053+-79.4766500
43.6361456+-79.4801756
-1
43.6361456+-79.4801756
43.6287786+-79.4844033
-1
43.6287786+-79.4844033
43.6216386+-79.4893136
-1
43.6216386+-79.4893136
43.6147592+-79.4948833
-1
43.6147592+-79.4948833
43.6081556+-79.5010556
-1
43.6081556+-79.5010556
43.5531444+-79.3972972
-1
43.5749639+-79.3070778
43.5672606+-79.3110300
-1
43.5672606+-79.3110300
43.5596558+-79.3153283
-1
43.5596558+-79.3153283
43.5521578+-79.3199669
-1
43.5521578+-79.3199669
43.5447747+-79.3249411
-1
43.5447747+-79.3249411
43.5375142+-79.3302447
-1
43.5375142+-79.3302447
43.5303842+-79.3358725
-1
43.5303842+-79.3358725
43.5233925+-79.3418181
-1
43.5233925+-79.3418181
43.5165461+-79.3480750
-1
43.5165461+-79.3480750
43.5098531+-79.3546361
-1
43.5098531+-79.3546361
43.5033200+-79.3614950
-1
43.5033200+-79.3614950
43.4969544+-79.3686436
-1
43.4969544+-79.3686436
43.4907628+-79.3760742
-1
43.4907628+-79.3760742
43.4847517+-79.3837792
-1
43.4847517+-79.3837792
43.4789281+-79.3917494
-1
43.4789281+-79.3917494
43.4732975+-79.3999772
-1
43.4732975+-79.3999772
43.4678664+-79.4084531
-1
43.4678664+-79.4084531
43.4626406+-79.4171681
-1
43.4626406+-79.4171681
43.4576258+-79.4261128
-1
43.4576258+-79.4261128
43.4528269+-79.4352775
-1
43.4528269+-79.4352775
43.4482494+-79.4446525
-1
43.4482494+-79.4446525
43.4438983+-79.4542275
-1
43.4438983+-79.4542275
43.4397781+-79.4639922
-1
43.4397781+-79.4639922
43.4358931+-79.4739367
-1
43.4358931+-79.4739367
43.4322475+-79.4840494
-1
43.4322475+-79.4840494
43.4288453+-79.4943203
-1
43.4288453+-79.4943203
43.4256903+-79.5047378
-1
43.4256903+-79.5047378
43.4227853+-79.5152911
-1
43.4227853+-79.5152911
43.4201339+-79.5259686
-1
43.4201339+-79.5259686
43.4177389+-79.5367592
-1
43.4177389+-79.5367592
43.4156028+-79.5476514
-1
43.4156028+-79.5476514
43.4137278+-79.5586331
-1
43.4137278+-79.5586331
43.4121158+-79.5696928
-1
43.4121158+-79.5696928
43.4107689+-79.5808189
-1
43.4107689+-79.5808189
43.4096883+-79.5919992
-1
43.4096883+-79.5919992
43.4088750+-79.6032217
-1
43.4088750+-79.6032217
43.4083303+-79.6144747
-1
43.4083303+-79.6144747
43.4080542+-79.6257461
-1
43.4080542+-79.6257461
43.4080475+-79.6370239
-1
43.4080475+-79.6370239
43.4083100+-79.6482958
-1
43.4083100+-79.6482958
43.4088414+-79.6595500
-1
43.4088414+-79.6595500
43.4096414+-79.6707744
-1
43.4096414+-79.6707744
43.4107086+-79.6819572
-1
43.4107086+-79.6819572
43.4120422+-79.6930861
-1
43.4120422+-79.6930861
43.4136411+-79.7041494
-1
43.4136411+-79.7041494
43.4155031+-79.7151353
-1
43.4155031+-79.7151353
43.4176261+-79.7260322
-1
43.4176261+-79.7260322
43.4200083+-79.7368281
-1
43.4200083+-79.7368281
43.4226469+-79.7475117
-1
43.4226469+-79.7475117
43.4255392+-79.7580714
-1
43.4255392+-79.7580714
43.4286819+-79.7684958
-1
43.4286819+-79.7684958
43.4320717+-79.7787744
-1
43.4320717+-79.7787744
43.4357053+-79.7888953
-1
43.4357053+-79.7888953
43.4395783+-79.7988483
-1
43.4395783+-79.7988483
43.4436869+-79.8086225
-1
43.4436869+-79.8086225
43.4480267+-79.8182072
-1
43.4480267+-79.8182072
43.4525931+-79.8275922
-1
43.4525931+-79.8275922
43.4573808+-79.8367678
-1
43.4573808+-79.8367678
43.4623850+-79.8457236
-1
43.4623850+-79.8457236
43.4676006+-79.8544503
-1
43.4676006+-79.8544503
43.4730214+-79.8629383
-1
43.4730214+-79.8629383
43.4786419+-79.8711786
-1
43.4786419+-79.8711786
43.4844564+-79.8791622
-1
43.4844564+-79.8791622
43.4904581+-79.8868806
-1
43.4904581+-79.8868806
43.4966408+-79.8943253
-1
43.4966408+-79.8943253
43.5029981+-79.9014881
-1
43.5029981+-79.9014881
43.5095228+-79.9083614
-1
43.5095228+-79.9083614
43.5162081+-79.9149378
-1
43.5162081+-79.9149378
43.5230467+-79.9212100
-1
43.5230467+-79.9212100
43.5300317+-79.9271714
-1
43.5300317+-79.9271714
43.5371547+-79.9328150
-1
43.5371547+-79.9328150
43.5444089+-79.9381350
-1
43.5444089+-79.9381350
43.5517861+-79.9431258
-1
43.5517861+-79.9431258
43.5592786+-79.9477814
-1
43.5592786+-79.9477814
43.5668781+-79.9520967
-1
43.5668781+-79.9520967
43.5745764+-79.9560672
-1
43.5745764+-79.9560672
43.5823656+-79.9596886
-1
43.5823656+-79.9596886
43.5902369+-79.9629564
-1
43.5902369+-79.9629564
43.5981819+-79.9658675
-1
43.5981819+-79.9658675
43.6061919+-79.9684181
-1
43.6061919+-79.9684181
43.6142589+-79.9706056
-1
43.6142589+-79.9706056
43.6223733+-79.9724272
-1
43.6223733+-79.9724272
43.6305272+-79.9738811
-1
43.6305272+-79.9738811
43.6387111+-79.9749667
-1
43.6387111+-79.9749667
43.6579472+-79.9071750
-1
43.7841944+-79.8457111
43.8201722+-79.8942028
-1
43.8201722+-79.8942028
43.8263406+-79.8867250
-1
43.8263406+-79.8867250
43.8323272+-79.8789703
-1
43.8323272+-79.8789703
43.8381261+-79.8709467
-1
43.8381261+-79.8709467
43.8437306+-79.8626631
-1
43.8437306+-79.8626631
43.8491347+-79.8541281
-1
43.8491347+-79.8541281
43.8543322+-79.8453511
-1
43.8543322+-79.8453511
43.8593181+-79.8363417
-1
43.8593181+-79.8363417
43.8640864+-79.8271094
-1
43.8640864+-79.8271094
43.8686322+-79.8176647
-1
43.8686322+-79.8176647
43.8729506+-79.8080172
-1
43.8729506+-79.8080172
43.8770364+-79.7981775
-1
43.8770364+-79.7981775
43.8808858+-79.7881567
-1
43.8808858+-79.7881567
43.8844942+-79.7779650
-1
43.8844942+-79.7779650
43.8878578+-79.7676142
-1
43.8878578+-79.7676142
43.8909728+-79.7571150
-1
43.8909728+-79.7571150
43.8938361+-79.7464792
-1
43.8938361+-79.7464792
43.8964444+-79.7357181
-1
43.8964444+-79.7357181
43.8987947+-79.7248436
-1
43.8987947+-79.7248436
43.9008850+-79.7138675
-1
43.9008850+-79.7138675
43.9027122+-79.7028017
-1
43.9027122+-79.7028017
43.9042750+-79.6916583
-1
43.9042750+-79.6916583
43.9055711+-79.6804497
-1
43.9055711+-79.6804497
43.9065997+-79.6691875
-1
43.9065997+-79.6691875
43.9073592+-79.6578847
-1
43.9073592+-79.6578847
43.9078492+-79.6465531
-1
43.9078492+-79.6465531
43.9080686+-79.6352053
-1
43.9080686+-79.6352053
43.9080178+-79.6238536
-1
43.9080178+-79.6238536
43.9076964+-79.6125106
-1
43.9076964+-79.6125106
43.9071050+-79.6011883
-1
43.9071050+-79.6011883
43.9062439+-79.5898992
-1
43.9062439+-79.5898992
43.9051144+-79.5786558
-1
43.9051144+-79.5786558
43.9037175+-79.5674703
-1
43.9037175+-79.5674703
43.9020550+-79.5563547
-1
43.9020550+-79.5563547
43.9001286+-79.5453214
-1
43.9001286+-79.5453214
43.8979403+-79.5343819
-1
43.8979403+-79.5343819
43.8954922+-79.5235489
-1
43.8954922+-79.5235489
43.8927878+-79.5128336
-1
43.8927878+-79.5128336
43.8898292+-79.5022481
-1
43.8898292+-79.5022481
43.8866200+-79.4918033
-1
43.8866200+-79.4918033
43.8831639+-79.4815111
-1
43.8831639+-79.4815111
43.8899361+-79.4786675
-1
43.8899361+-79.4786675
43.8965067+-79.4750300
-1
43.8965067+-79.4750300
43.9028306+-79.4706336
-1
43.9028306+-79.4706336
43.9088617+-79.4655103
-1
43.9088617+-79.4655103
43.9145564+-79.4596967
-1
43.9145564+-79.4596967
43.9198736+-79.4532344
-1
43.9198736+-79.4532344
43.9247750+-79.4461703
-1
43.9247750+-79.4461703
43.9292250+-79.4385550
-1
43.9292250+-79.4385550
43.9331914+-79.4304439
-1
43.9331914+-79.4304439
43.9366456+-79.4218953
-1
43.9366456+-79.4218953
43.9395625+-79.4129711
-1
43.9395625+-79.4129711
43.9419211+-79.4037358
-1
43.9419211+-79.4037358
43.9437111+-79.3942583
-1
43.9437111+-79.3942583
43.9395372+-79.3849414
-1
43.9395372+-79.3849414
43.9352025+-79.3757672
-1
43.9352025+-79.3757672
43.9307106+-79.3667392
-1
43.9307106+-79.3667392
43.9260644+-79.3578628
-1
43.9260644+-79.3578628
43.9212664+-79.3491433
-1
43.9212664+-79.3491433
43.9163192+-79.3405850
-1
43.9163192+-79.3405850
43.9112261+-79.3321933
-1
43.9112261+-79.3321933
43.9059894+-79.3239728
-1
43.9059894+-79.3239728
43.9006128+-79.3159283
-1
43.9006128+-79.3159283
43.8950986+-79.3080639
-1
43.8950986+-79.3080639
43.8894506+-79.3003844
-1
43.8894506+-79.3003844
43.8836717+-79.2928942
-1
43.8836717+-79.2928942
43.8777653+-79.2855972
-1
43.8777653+-79.2855972
43.8717347+-79.2784975
-1
43.8717347+-79.2784975
43.8655833+-79.2715994
-1
43.8655833+-79.2715994
43.8593147+-79.2649069
-1
43.8593147+-79.2649069
43.8529328+-79.2584233
-1
43.8529328+-79.2584233
43.8464417+-79.2521500
-1
43.8464417+-79.2521500
43.8159806+-79.2443250
-1
43.8159806+-79.2443250
43.7439722+-79.3105472
-1
43.7439722+-79.3105472
43.7251028+-79.4021750
-1
43.5531444+-79.3972972
43.5448222+-79.3816333
-1
43.5448222+-79.3816333
43.5460083+-79.3720650
-1
43.5460083+-79.3720650
43.5477789+-79.3626683
-1
43.5477789+-79.3626683
43.5501206+-79.3535108
-1
43.5501206+-79.3535108
43.5530169+-79.3446578
-1
43.5530169+-79.3446578
43.5564475+-79.3361728
-1
43.5564475+-79.3361728
43.5603872+-79.3281164
-1
43.5603872+-79.3281164
43.5648081+-79.3205461
-1
43.5648081+-79.3205461
43.5696786+-79.3135167
-1
43.5696786+-79.3135167
43.5749639+-79.3070778
-1
43.9437111+-79.3942500
43.9478308+-79.4039578
-1
43.9478308+-79.4039578
43.9517772+-79.4138031
-1
43.9517772+-79.4138031
43.9555481+-79.4237800
-1
43.9555481+-79.4237800
43.9591408+-79.4338828
-1
43.9591408+-79.4338828
43.9625539+-79.4441047
-1
43.9625539+-79.4441047
43.9657847+-79.4544403
-1
43.9657847+-79.4544403
43.9688317+-79.4648828
-1
43.9688317+-79.4648828
43.9716925+-79.4754264
-1
43.9716925+-79.4754264
43.9743658+-79.4860642
-1
43.9743658+-79.4860642
43.9768500+-79.4967900
-1
43.9768500+-79.4967900
43.9791433+-79.5075975
-1
43.9791433+-79.5075975
43.9812447+-79.5184803
-1
43.9812447+-79.5184803
43.9831528+-79.5294311
-1
43.9831528+-79.5294311
43.9848661+-79.5404442
-1
43.9848661+-79.5404442
43.9863839+-79.5515122
-1
43.9863839+-79.5515122
43.9877053+-79.5626289
-1
43.9877053+-79.5626289
43.9888294+-79.5737872
-1
43.9888294+-79.5737872
43.9897556+-79.5849806
-1
43.9897556+-79.5849806
43.9904831+-79.5962022
-1
43.9904831+-79.5962022
43.9910117+-79.6074453
-1
43.9910117+-79.6074453
43.9913411+-79.6187031
-1
43.9913411+-79.6187031
43.9914708+-79.6299686
-1
43.9914708+-79.6299686
43.9914011+-79.6412353
-1
43.9914011+-79.6412353
43.9911319+-79.6524961
-1
43.9911319+-79.6524961
43.9906633+-79.6637444
-1
43.9906633+-79.6637444
43.9899958+-79.6749731
-1
43.9899958+-79.6749731
43.9891294+-79.6861758
-1
43.9891294+-79.6861758
43.9880650+-79.6973456
-1
43.9880650+-79.6973456
43.9868031+-79.7084753
-1
43.9868031+-79.7084753
43.9853442+-79.7195586
-1
43.9853442+-79.7195586
43.9836897+-79.7305889
-1
43.9836897+-79.7305889
43.9818403+-79.7415594
-1
43.9818403+-79.7415594
43.9797969+-79.7524633
-1
43.9797969+-79.7524633
43.9775614+-79.7632942
-1
43.9775614+-79.7632942
43.9751347+-79.7740453
-1
43.9751347+-79.7740453
43.9725181+-79.7847103
-1
43.9725181+-79.7847103
43.9697136+-79.7952831
-1
43.9697136+-79.7952831
43.9667225+-79.8057567
-1
43.9667225+-79.8057567
43.9635469+-79.8161250
-1
43.9635469+-79.8161250
43.9601886+-79.8263819
-1
43.9601886+-79.8263819
43.9566497+-79.8365211
-1
43.9566497+-79.8365211
43.9529325+-79.8465367
-1
43.9529325+-79.8465367
43.9490386+-79.8564225
-1
43.9490386+-79.8564225
43.9449711+-79.8661722
-1
43.9449711+-79.8661722
43.9407322+-79.8757806
-1
43.9407322+-79.8757806
43.9363242+-79.8852417
-1
43.9363242+-79.8852417
43.9317500+-79.8945494
-1
43.9317500+-79.8945494
43.9270122+-79.9036989
-1
43.9270122+-79.9036989
43.9221142+-79.9126842
-1
43.9221142+-79.9126842
43.9170581+-79.9214997
-1
43.9170581+-79.9214997
43.9118475+-79.9301408
-1
43.9118475+-79.9301408
43.9064856+-79.9386017
-1
43.9064856+-79.9386017
43.9009753+-79.9468778
-1
43.9009753+-79.9468778
43.8953203+-79.9549639
-1
43.8953203+-79.9549639
43.8895236+-79.9628553
-1
43.8895236+-79.9628553
43.8835889+-79.9705472
-1
43.8835889+-79.9705472
43.8775197+-79.9780353
-1
43.8775197+-79.9780353
43.8713197+-79.9853147
-1
43.8713197+-79.9853147
43.8649925+-79.9923814
-1
43.8649925+-79.9923814
43.8585422+-79.9992314
-1
43.8585422+-79.9992314
43.8519725+-80.0058603
-1
43.8519725+-80.0058603
43.8452875+-80.0122642
-1
43.8452875+-80.0122642
43.8384908+-80.0184394
-1
43.8384908+-80.0184394
43.8315872+-80.0243825
-1
43.8315872+-80.0243825
43.8245800+-80.0300897
-1
43.8245800+-80.0300897
43.8174739+-80.0355578
-1
43.8174739+-80.0355578
43.8102733+-80.0407836
-1
43.8102733+-80.0407836
43.8029819+-80.0457639
-1
43.8029819+-80.0457639
43.7956047+-80.0504961
-1
43.7956047+-80.0504961
43.7881461+-80.0549772
-1
43.7881461+-80.0549772
43.7806100+-80.0592047
-1
43.7806100+-80.0592047
43.7730014+-80.0631764
-1
43.7730014+-80.0631764
43.7653247+-80.0668894
-1
43.7653247+-80.0668894
43.7575847+-80.0703422
-1
43.7575847+-80.0703422
43.7497856+-80.0735328
-1
43.7497856+-80.0735328
43.7419325+-80.0764589
-1
43.7419325+-80.0764589
43.7340297+-80.0791192
-1
43.7340297+-80.0791192
43.7260825+-80.0815119
-1
43.7260825+-80.0815119
43.7180950+-80.0836364
-1
43.7180950+-80.0836364
43.7100722+-80.0854908
-1
43.7100722+-80.0854908
43.7020192+-80.0870744
-1
43.7020192+-80.0870744
43.6939403+-80.0883864
-1
43.6939403+-80.0883864
43.6858406+-80.0894261
-1
43.6858406+-80.0894261
43.6777250+-80.0901931
-1
43.6777250+-80.0901931
43.6695981+-80.0906867
-1
43.6695981+-80.0906867
43.6614650+-80.0909069
-1
43.6614650+-80.0909069
43.6533303+-80.0908539
-1
43.6533303+-80.0908539
43.6451989+-80.0905275
-1
43.6451989+-80.0905275
43.6370758+-80.0899281
-1
43.6370758+-80.0899281
43.6289656+-80.0890564
-1
43.6289656+-80.0890564
43.6208733+-80.0879128
-1
43.6208733+-80.0879128
43.6128039+-80.0864981
-1
43.6128039+-80.0864981
43.6047617+-80.0848133
-1
43.6047617+-80.0848133
43.5967517+-80.0828594
-1
43.5967517+-80.0828594
43.5887786+-80.0806381
-1
43.5887786+-80.0806381
43.5808472+-80.0781503
-1
43.5808472+-80.0781503
43.5729625+-80.0753975
-1
43.5729625+-80.0753975
43.5651286+-80.0723819
-1
43.5651286+-80.0723819
43.5573506+-80.0691053
-1
43.5573506+-80.0691053
43.5496328+-80.0655697
-1
43.5496328+-80.0655697
43.5419797+-80.0617769
-1
43.5419797+-80.0617769
43.5343964+-80.0577297
-1
43.5343964+-80.0577297
43.5268869+-80.0534306
-1
43.5268869+-80.0534306
43.5194556+-80.0488819
-1
43.5194556+-80.0488819
43.5121072+-80.0440869
-1
43.5121072+-80.0440869
43.5048458+-80.0390478
-1
43.5048458+-80.0390478
43.4976761+-80.0337683
-1
43.4976761+-80.0337683
43.4906017+-80.0282514
-1
43.4906017+-80.0282514
43.4836272+-80.0225003
-1
43.4836272+-80.0225003
43.4767567+-80.0165183
-1
43.4767567+-80.0165183
43.4699939+-80.0103097
-1
43.4699939+-80.0103097
43.4633433+-80.0038778
-1
43.4633433+-80.0038778
43.4568083+-79.9972261
-1
43.4568083+-79.9972261
43.4503933+-79.9903594
-1
43.4503933+-79.9903594
43.4441017+-79.9832811
-1
43.4441017+-79.9832811
43.4379375+-79.9759958
-1
43.4379375+-79.9759958
43.4319039+-79.9685081
-1
43.4319039+-79.9685081
43.4260047+-79.9608217
-1
43.4260047+-79.9608217
43.4202436+-79.9529417
-1
43.4202436+-79.9529417
43.4146236+-79.9448728
-1
43.4146236+-79.9448728
43.4091481+-79.9366197
-1
43.4091481+-79.9366197
43.4038206+-79.9281875
-1
43.4038206+-79.9281875
43.3986439+-79.9195806
-1
43.3986439+-79.9195806
43.3936211+-79.9108047
-1
43.3936211+-79.9108047
43.3887553+-79.9018650
-1
43.3887553+-79.9018650
43.3840492+-79.8927664
-1
43.3840492+-79.8927664
43.3795056+-79.8835144
-1
43.3795056+-79.8835144
43.3751275+-79.8741150
-1
43.3751275+-79.8741150
43.3709169+-79.8645728
-1
43.3709169+-79.8645728
43.3668767+-79.8548942
-1
43.3668767+-79.8548942
43.3630089+-79.8450844
-1
43.3630089+-79.8450844
43.3593161+-79.8351497
-1
43.3593161+-79.8351497
43.3558003+-79.8250956
-1
43.3558003+-79.8250956
43.3524639+-79.8149278
-1
43.3524639+-79.8149278
43.3493083+-79.8046528
-1
43.3493083+-79.8046528
43.3463356+-79.7942764
-1
43.3463356+-79.7942764
43.3435478+-79.7838044
-1
43.3435478+-79.7838044
43.3409461+-79.7732436
-1
43.3409461+-79.7732436
43.3385322+-79.7625997
-1
43.3385322+-79.7625997
43.3363075+-79.7518792
-1
43.3363075+-79.7518792
43.3342736+-79.7410881
-1
43.3342736+-79.7410881
43.3324311+-79.7302331
-1
43.3324311+-79.7302331
43.3307817+-79.7193203
-1
43.3307817+-79.7193203
43.3293261+-79.7083561
-1
43.3293261+-79.7083561
43.3280650+-79.6973469
-1
43.3280650+-79.6973469
43.3269992+-79.6862994
-1
43.3269992+-79.6862994
43.3261294+-79.6752197
-1
43.3261294+-79.6752197
43.3254564+-79.6641147
-1
43.3254564+-79.6641147
43.3249800+-79.6529908
-1
43.3249800+-79.6529908
43.3247008+-79.6418542
-1
43.3247008+-79.6418542
43.3246192+-79.6307117
-1
43.3246192+-79.6307117
43.3247347+-79.6195697
-1
43.3247347+-79.6195697
43.3250478+-79.6084350
-1
43.3250478+-79.6084350
43.3255578+-79.5973136
-1
43.3255578+-79.5973136
43.3262647+-79.5862125
-1
43.3262647+-79.5862125
43.3271681+-79.5751381
-1
43.3271681+-79.5751381
43.3282672+-79.5640967
-1
43.3282672+-79.5640967
43.3295617+-79.5530947
-1
43.3295617+-79.5530947
43.3310508+-79.5421389
-1
43.3310508+-79.5421389
43.3327333+-79.5312356
-1
43.3327333+-79.5312356
43.3346086+-79.5203908
-1
43.3346086+-79.5203908
43.3366753+-79.5096114
-1
43.3366753+-79.5096114
43.3389325+-79.4989036
-1
43.3389325+-79.4989036
43.3413786+-79.4882736
-1
43.3413786+-79.4882736
43.3440122+-79.4777275
-1
43.3440122+-79.4777275
43.3468319+-79.4672717
-1
43.3468319+-79.4672717
43.3498361+-79.4569119
-1
43.3498361+-79.4569119
43.3530228+-79.4466550
-1
43.3530228+-79.4466550
43.3563903+-79.4365064
-1
43.3563903+-79.4365064
43.3599364+-79.4264722
-1
43.3599364+-79.4264722
43.3636594+-79.4165583
-1
43.3636594+-79.4165583
43.3675569+-79.4067708
-1
43.3675569+-79.4067708
43.3716264+-79.3971153
-1
43.3716264+-79.3971153
43.3758658+-79.3875972
-1
43.3758658+-79.3875972
43.3802728+-79.3782222
-1
43.3802728+-79.3782222
43.3848444+-79.3689964
-1
43.3848444+-79.3689964
43.3895781+-79.3599247
-1
43.3895781+-79.3599247
43.3944708+-79.3510125
-1
43.3944708+-79.3510125
43.3995203+-79.3422653
-1
43.3995203+-79.3422653
43.4047231+-79.3336881
-1
43.4047231+-79.3336881
43.4100761+-79.3252861
-1
43.4100761+-79.3252861
43.4155767+-79.3170642
-1
43.4155767+-79.3170642
43.4212211+-79.3090275
-1
43.4212211+-79.3090275
43.4270061+-79.3011803
-1
43.4270061+-79.3011803
43.4329286+-79.2935278
-1
43.4329286+-79.2935278
43.4389847+-79.2860742
-1
43.4389847+-79.2860742
43.4451711+-79.2788242
-1
43.4451711+-79.2788242
43.4514842+-79.2717819
-1
43.4514842+-79.2717819
43.4579200+-79.2649517
-1
43.4579200+-79.2649517
43.4644750+-79.2583375
-1
43.4644750+-79.2583375
43.4711453+-79.2519436
-1
43.4711453+-79.2519436
43.4779267+-79.2457733
-1
43.4779267+-79.2457733
43.4848153+-79.2398308
-1
43.4848153+-79.2398308
43.4918072+-79.2341197
-1
43.4918072+-79.2341197
43.4988983+-79.2286431
-1
43.4988983+-79.2286431
43.5060842+-79.2234047
-1
43.5060842+-79.2234047
43.5133608+-79.2184072
-1
43.5133608+-79.2184072
43.5207236+-79.2136542
-1
43.5207236+-79.2136542
43.5281686+-79.2091481
-1
43.5281686+-79.2091481
43.5356911+-79.2048919
-1
43.5356911+-79.2048919
43.5432867+-79.2008881
-1
43.5432867+-79.2008881
43.5509511+-79.1971394
-1
43.5509511+-79.1971394
43.5586794+-79.1936478
-1
43.5586794+-79.1936478
43.5664675+-79.1904158
-1
43.5664675+-79.1904158
43.5743103+-79.1874453
-1
43.5743103+-79.1874453
43.5822036+-79.1847381
-1
43.5822036+-79.1847381
43.5901422+-79.1822956
-1
43.5901422+-79.1822956
43.5981219+-79.1801200
-1
43.5981219+-79.1801200
43.6061378+-79.1782122
-1
43.6061378+-79.1782122
43.6141850+-79.1765736
-1
43.6141850+-79.1765736
43.6222589+-79.1752053
-1
43.6222589+-79.1752053
43.6303547+-79.1741083
-1
43.6303547+-79.1741083
43.6384672+-79.1732831
-1
43.6384672+-79.1732831
43.6465922+-79.1727306
-1
43.6465922+-79.1727306
43.6547244+-79.1724511
-1
43.6547244+-79.1724511
43.6628592+-79.1724447
-1
43.6628592+-79.1724447
43.6709917+-79.1727119
-1
43.6709917+-79.1727119
43.6791169+-79.1732525
-1
43.6791169+-79.1732525
43.6872303+-79.1740661
-1
43.6872303+-79.1740661
43.6953267+-79.1751525
-1
43.6953267+-79.1751525
43.7034014+-79.1765111
-1
43.7034014+-79.1765111
43.7114497+-79.1781411
-1
43.7114497+-79.1781411
43.7194667+-79.1800419
-1
43.7194667+-79.1800419
43.7274475+-79.1822125
-1
43.7274475+-79.1822125
43.7353875+-79.1846514
-1
43.7353875+-79.1846514
43.7432822+-79.1873572
-1
43.7432822+-79.1873572
43.7511264+-79.1903289
-1
43.7511264+-79.1903289
43.7589156+-79.1935642
-1
43.7589156+-79.1935642
43.7666453+-79.1970617
-1
43.7666453+-79.1970617
43.7743106+-79.2008194
-1
43.7743106+-79.2008194
43.7819069+-79.2048350
-1
43.7819069+-79.2048350
43.7894300+-79.2091061
-1
43.7894300+-79.2091061
43.7968753+-79.2136306
-1
43.7968753+-79.2136306
43.8042381+-79.2184053
-1
43.8042381+-79.2184053
43.8115139+-79.2234281
-1
43.8115139+-79.2234281
43.8186989+-79.2286956
-1
43.8186989+-79.2286956
43.8257881+-79.2342050
-1
43.8257881+-79.2342050
43.8327778+-79.2399528
-1
43.8327778+-79.2399528
43.8396636+-79.2459358
-1
43.8396636+-79.2459358
43.8464417+-79.2521500
-1
43.3737833+-80.0811972
43.3813461+-80.0773361
-1
43.3813461+-80.0773361
43.3890017+-80.0738347
-1
43.3890017+-80.0738347
43.3967408+-80.0706972
-1
43.3967408+-80.0706972
43.4045542+-80.0679281
-1
43.4045542+-80.0679281
43.4124328+-80.0655303
-1
43.4124328+-80.0655303
43.4203669+-80.0635069
-1
43.4203669+-80.0635069
43.4283475+-80.0618606
-1
43.4283475+-80.0618606
43.4363647+-80.0605936
-1
43.4363647+-80.0605936
43.4444089+-80.0597075
-1
43.4444089+-80.0597075
43.4524706+-80.0592033
-1
43.4524706+-80.0592033
43.4605403+-80.0590822
-1
43.4605403+-80.0590822
43.4686081+-80.0593439
-1
43.4686081+-80.0593439
43.4766644+-80.0599889
-1
43.4766644+-80.0599889
43.4846997+-80.0610158
-1
43.4846997+-80.0610158
43.4927044+-80.0624244
-1
43.4927044+-80.0624244
43.5006689+-80.0642125
-1
43.5006689+-80.0642125
43.5085833+-80.0663783
-1
43.5085833+-80.0663783
43.5164386+-80.0689194
-1
43.5164386+-80.0689194
43.5242253+-80.0718331
-1
43.5242253+-80.0718331
43.5319336+-80.0751156
-1
43.5319336+-80.0751156
43.5395547+-80.0787636
-1
43.5395547+-80.0787636
43.5470794+-80.0827722
-1
43.5470794+-80.0827722
43.5544986+-80.0871375
-1
43.5544986+-80.0871375
43.5618036+-80.0918536
-1
43.5618036+-80.0918536
43.5689850+-80.0969158
-1
43.5689850+-80.0969158
43.5760350+-80.1023175
-1
43.5760350+-80.1023175
43.5829444+-80.1080525
-1
43.5829444+-80.1080525
43.5897053+-80.1141139
-1
43.5897053+-80.1141139
43.5963094+-80.1204947
-1
43.5963094+-80.1204947
43.6027489+-80.1271875
-1
43.6027489+-80.1271875
43.6090161+-80.1341839
-1
43.6090161+-80.1341839
43.6151031+-80.1414758
-1
43.6151031+-80.1414758
43.6210028+-80.1490544
-1
43.6210028+-80.1490544
43.6267081+-80.1569108
-1
43.6267081+-80.1569108
43.6322119+-80.1650356
-1
43.6322119+-80.1650356
43.6375081+-80.1734192
-1
43.6375081+-80.1734192
43.6425897+-80.1820508
-1
43.6425897+-80.1820508
43.6474511+-80.1909211
-1
43.6474511+-80.1909211
43.6520858+-80.2000189
-1
43.6520858+-80.2000189
43.6564889+-80.2093331
-1
43.6564889+-80.2093331
43.6606544+-80.2188528
-1
43.6606544+-80.2188528
43.6645778+-80.2285667
-1
43.6645778+-80.2285667
43.6728861+-80.2283386
-1
43.6728861+-80.2283386
43.6811894+-80.2278783
-1
43.6811894+-80.2278783
43.6894850+-80.2271983
-1
43.6894850+-80.2271983
43.6977694+-80.2262994
-1
43.6977694+-80.2262994
43.7060397+-80.2251811
-1
43.7060397+-80.2251811
43.7142931+-80.2238444
-1
43.7142931+-80.2238444
43.7225261+-80.2222892
-1
43.7225261+-80.2222892
43.7307361+-80.2205161
-1
43.7307361+-80.2205161
43.7389197+-80.2185261
-1
43.7389197+-80.2185261
43.7470742+-80.2163192
-1
43.7470742+-80.2163192
43.7551964+-80.2138964
-1
43.7551964+-80.2138964
43.7632836+-80.2112586
-1
43.7632836+-80.2112586
43.7713325+-80.2084067
-1
43.7713325+-80.2084067
43.7793400+-80.2053414
-1
43.7793400+-80.2053414
43.7873033+-80.2020639
-1
43.7873033+-80.2020639
43.7952197+-80.1985753
-1
43.7952197+-80.1985753
43.8030861+-80.1948769
-1
43.8030861+-80.1948769
43.8108994+-80.1909703
-1
43.8108994+-80.1909703
43.8186569+-80.1868561
-1
43.8186569+-80.1868561
43.8263558+-80.1825364
-1
43.8263558+-80.1825364
43.8339931+-80.1780122
-1
43.8339931+-80.1780122
43.8415661+-80.1732856
-1
43.8415661+-80.1732856
43.8490717+-80.1683581
-1
43.8490717+-80.1683581
43.8565072+-80.1632311
-1
43.8565072+-80.1632311
43.8638703+-80.1579069
-1
43.8638703+-80.1579069
43.8711575+-80.1523875
-1
43.8711575+-80.1523875
43.8783669+-80.1466742
-1
43.8783669+-80.1466742
43.8854953+-80.1407697
-1
43.8854953+-80.1407697
43.8925400+-80.1346758
-1
43.8925400+-80.1346758
43.8994986+-80.1283950
-1
43.8994986+-80.1283950
43.9063686+-80.1219292
-1
43.9063686+-80.1219292
43.9131472+-80.1152808
-1
43.9131472+-80.1152808
43.9198322+-80.1084525
-1
43.9198322+-80.1084525
43.9264208+-80.1014467
-1
43.9264208+-80.1014467
43.9329106+-80.0942656
-1
43.9329106+-80.0942656
43.9392992+-80.0869122
-1
43.9392992+-80.0869122
43.9455844+-80.0793889
-1
43.9455844+-80.0793889
43.9517636+-80.0716989
-1
43.9517636+-80.0716989
43.9578344+-80.0638447
-1
43.9578344+-80.0638447
43.9637950+-80.0558289
-1
43.9637950+-80.0558289
43.9696428+-80.0476550
-1
43.9696428+-80.0476550
43.9753758+-80.0393258
-1
43.9753758+-80.0393258
43.9809917+-80.0308444
-1
43.9809917+-80.0308444
43.9864886+-80.0222136
-1
43.9864886+-80.0222136
43.9918642+-80.0134369
-1
43.9918642+-80.0134369
43.9971167+-80.0045175
-1
43.9971167+-80.0045175
44.0022442+-79.9954589
-1
44.0022442+-79.9954589
44.0072444+-79.9862639
-1
44.0072444+-79.9862639
44.0121158+-79.9769364
-1
44.0121158+-79.9769364
44.0168564+-79.9674797
-1
44.0168564+-79.9674797
44.0214644+-79.9578972
-1
44.0214644+-79.9578972
44.0259383+-79.9481928
-1
44.0259383+-79.9481928
44.0302764+-79.9383697
-1
44.0302764+-79.9383697
44.0344767+-79.9284317
-1
44.0344767+-79.9284317
44.0385381+-79.9183825
-1
44.0385381+-79.9183825
44.0424586+-79.9082258
-1
44.0424586+-79.9082258
44.0462372+-79.8979656
-1
44.0462372+-79.8979656
44.0498722+-79.8876056
-1
44.0498722+-79.8876056
44.0533622+-79.8771494
-1
44.0533622+-79.8771494
44.0567061+-79.8666014
-1
44.0567061+-79.8666014
44.0599025+-79.8559653
-1
44.0599025+-79.8559653
44.0629503+-79.8452450
-1
44.0629503+-79.8452450
44.0658483+-79.8344444
-1
44.0658483+-79.8344444
44.0685956+-79.8235678
-1
44.0685956+-79.8235678
44.0711906+-79.8126192
-1
44.0711906+-79.8126192
44.0736331+-79.8016028
-1
44.0736331+-79.8016028
44.0759214+-79.7905225
-1
44.0759214+-79.7905225
44.0780553+-79.7793825
-1
44.0780553+-79.7793825
44.0800336+-79.7681869
-1
44.0800336+-79.7681869
44.0818558+-79.7569403
-1
44.0818558+-79.7569403
44.0835211+-79.7456467
-1
44.0835211+-79.7456467
44.0850289+-79.7343100
-1
44.0850289+-79.7343100
44.0863786+-79.7229350
-1
44.0863786+-79.7229350
44.0875697+-79.7115256
-1
44.0875697+-79.7115256
44.0886019+-79.7000861
-1
44.0886019+-79.7000861
44.0894744+-79.6886211
-1
44.0894744+-79.6886211
44.0901875+-79.6771347
-1
44.0901875+-79.6771347
44.0907403+-79.6656311
-1
44.0907403+-79.6656311
44.0911331+-79.6541147
-1
44.0911331+-79.6541147
44.0913653+-79.6425900
-1
44.0913653+-79.6425900
44.0914369+-79.6310611
-1
44.0914369+-79.6310611
44.0913483+-79.6195325
-1
44.0913483+-79.6195325
44.0910992+-79.6080086
-1
44.0910992+-79.6080086
44.0906897+-79.5964933
-1
44.0906897+-79.5964933
44.0901200+-79.5849914
-1
44.0901200+-79.5849914
44.0893903+-79.5735069
-1
44.0893903+-79.5735069
44.0885011+-79.5620444
-1
44.0885011+-79.5620444
44.0874522+-79.5506081
-1
44.0874522+-79.5506081
44.0862444+-79.5392019
-1
44.0862444+-79.5392019
44.0848781+-79.5278308
-1
44.0848781+-79.5278308
44.0833536+-79.5164986
-1
44.0833536+-79.5164986
44.0816719+-79.5052094
-1
44.0816719+-79.5052094
44.0798333+-79.4939681
-1
44.0798333+-79.4939681
44.0778386+-79.4827783
-1
44.0778386+-79.4827783
44.0756883+-79.4716444
-1
44.0756883+-79.4716444
44.0733836+-79.4605706
-1
44.0733836+-79.4605706
44.0709253+-79.4495608
-1
44.0709253+-79.4495608
44.0683142+-79.4386197
-1
44.0683142+-79.4386197
44.0655511+-79.4277508
-1
44.0655511+-79.4277508
44.0626372+-79.4169586
-1
44.0626372+-79.4169586
44.0595739+-79.4062469
-1
44.0595739+-79.4062469
44.0563619+-79.3956197
-1
44.0563619+-79.3956197
44.0530025+-79.3850811
-1
44.0530025+-79.3850811
44.0494972+-79.3746350
-1
44.0494972+-79.3746350
44.0458469+-79.3642853
-1
44.0458469+-79.3642853
44.0420536+-79.3540358
-1
44.0420536+-79.3540358
44.0381181+-79.3438903
-1
44.0381181+-79.3438903
44.0340419+-79.3338525
-1
44.0340419+-79.3338525
44.0298272+-79.3239264
-1
44.0298272+-79.3239264
44.0254750+-79.3141156
-1
44.0254750+-79.3141156
44.0209869+-79.3044239
-1
44.0209869+-79.3044239
44.0163647+-79.2948544
-1
44.0163647+-79.2948544
44.0116103+-79.2854111
-1
44.0116103+-79.2854111
44.0067253+-79.2760972
-1
44.0067253+-79.2760972
44.0017117+-79.2669167
-1
44.0017117+-79.2669167
43.9965711+-79.2578722
-1
43.9965711+-79.2578722
43.9913056+-79.2489678
-1
43.9913056+-79.2489678
43.9859169+-79.2402064
-1
43.9859169+-79.2402064
43.9804075+-79.2315911
-1
43.9804075+-79.2315911
43.9747792+-79.2231256
-1
43.9747792+-79.2231256
43.9690342+-79.2148125
-1
43.9690342+-79.2148125
43.9631742+-79.2066550
-1
43.9631742+-79.2066550
43.9572019+-79.1986561
-1
43.9572019+-79.1986561
43.9511197+-79.1908189
-1
43.9511197+-79.1908189
43.9449292+-79.1831464
-1
43.9449292+-79.1831464
43.9386331+-79.1756408
-1
43.9386331+-79.1756408
43.9322336+-79.1683056
-1
43.9322336+-79.1683056
43.9257333+-79.1611428
-1
43.9257333+-79.1611428
43.9191347+-79.1541553
-1
43.9191347+-79.1541553
43.9124397+-79.1473458
-1
43.9124397+-79.1473458
43.9056514+-79.1407164
-1
43.9056514+-79.1407164
43.8987719+-79.1342700
-1
43.8987719+-79.1342700
43.8918042+-79.1280086
-1
43.8918042+-79.1280086
43.8847503+-79.1219344
-1
43.8847503+-79.1219344
43.8776133+-79.1160500
-1
43.8776133+-79.1160500
43.8703958+-79.1103572
-1
43.8703958+-79.1103572
43.8631003+-79.1048581
-1
43.8631003+-79.1048581
43.8557297+-79.0995544
-1
43.8557297+-79.0995544
43.8482867+-79.0944483
-1
43.8482867+-79.0944483
43.8407736+-79.0895419
-1
43.8407736+-79.0895419
43.8331939+-79.0848364
-1
43.8331939+-79.0848364
43.8255500+-79.0803336
-1
43.8255500+-79.0803336
43.8178450+-79.0760356
-1
43.8178450+-79.0760356
43.8100814+-79.0719431
-1
43.8100814+-79.0719431
43.8022625+-79.0680581
-1
43.8022625+-79.0680581
43.7943906+-79.0643817
-1
43.7943906+-79.0643817
43.7864692+-79.0609153
-1
43.7864692+-79.0609153
43.7785011+-79.0576600
-1
43.7785011+-79.0576600
43.7704889+-79.0546172
-1
43.7704889+-79.0546172
43.7624358+-79.0517878
-1
43.7624358+-79.0517878
43.7543450+-79.0491725
-1
43.7543450+-79.0491725
43.7462192+-79.0467722
-1
43.7462192+-79.0467722
43.7380617+-79.0445881
-1
43.7380617+-79.0445881
43.7298750+-79.0426206
-1
43.7298750+-79.0426206
43.7216625+-79.0408706
-1
43.7216625+-79.0408706
43.7134269+-79.0393383
-1
43.7134269+-79.0393383
43.7051719+-79.0380244
-1
43.7051719+-79.0380244
43.6968997+-79.0369292
-1
43.6968997+-79.0369292
43.6886142+-79.0360531
-1
43.6886142+-79.0360531
43.6803178+-79.0353964
-1
43.6803178+-79.0353964
43.6720136+-79.0349592
-1
43.6720136+-79.0349592
43.6637050+-79.0347414
-1
43.6637050+-79.0347414
43.6553950+-79.0347431
-1
43.6553950+-79.0347431
43.6470864+-79.0349642
-1
43.6470864+-79.0349642
43.6387825+-79.0354044
-1
43.6387825+-79.0354044
43.6304861+-79.0360636
-1
43.6304861+-79.0360636
43.6222006+-79.0369417
-1
43.6222006+-79.0369417
43.6139286+-79.0380381
-1
43.6139286+-79.0380381
43.6056733+-79.0393519
-1
43.6056733+-79.0393519
43.5974381+-79.0408831
-1
43.5974381+-79.0408831
43.5892256+-79.0426308
-1
43.5892256+-79.0426308
43.5810389+-79.0445944
-1
43.5810389+-79.0445944
43.5728808+-79.0467728
-1
43.5728808+-79.0467728
43.5647547+-79.0491656
-1
43.5647547+-79.0491656
43.5566633+-79.0517714
-1
43.5566633+-79.0517714
43.5486100+-79.0545892
-1
43.5486100+-79.0545892
43.5405969+-79.0576181
-1
43.5405969+-79.0576181
43.5326278+-79.0608569
-1
43.5326278+-79.0608569
43.5247050+-79.0643042
-1
43.5247050+-79.0643042
43.5168317+-79.0679586
-1
43.5168317+-79.0679586
43.5090106+-79.0718186
-1
43.5090106+-79.0718186
43.5012447+-79.0758833
-1
43.5012447+-79.0758833
43.4935333+-79.0801389
-1
43.4935333+-79.0801389
43.4504722+-79.2006667
-1
43.4504722+-79.2006667
43.3927361+-79.1605778
-1
43.3927361+-79.1605778
43.3862853+-79.1676597
-1
43.3862853+-79.1676597
43.3799119+-79.1748714
-1
43.3799119+-79.1748714
43.3736397+-79.1822467
-1
43.3736397+-79.1822467
43.3674708+-79.1897833
-1
43.3674708+-79.1897833
43.3614072+-79.1974781
-1
43.3614072+-79.1974781
43.3554511+-79.2053281
-1
43.3554511+-79.2053281
43.3496050+-79.2133311
-1
43.3496050+-79.2133311
43.3438706+-79.2214836
-1
43.3438706+-79.2214836
43.3382497+-79.2297831
-1
43.3382497+-79.2297831
43.3327450+-79.2382261
-1
43.3327450+-79.2382261
43.3273583+-79.2468100
-1
43.3273583+-79.2468100
43.3220911+-79.2555317
-1
43.3220911+-79.2555317
43.3169456+-79.2643875
-1
43.3169456+-79.2643875
43.3119236+-79.2733747
-1
43.3119236+-79.2733747
43.3070269+-79.2824900
-1
43.3070269+-79.2824900
43.3022572+-79.2917297
-1
43.3022572+-79.2917297
43.2976164+-79.3010911
-1
43.2976164+-79.3010911
43.2931058+-79.3105706
-1
43.2931058+-79.3105706
43.2887272+-79.3201644
-1
43.2887272+-79.3201644
43.2844825+-79.3298694
-1
43.2844825+-79.3298694
43.2803725+-79.3396822
-1
43.2803725+-79.3396822
43.2763992+-79.3495992
-1
43.2763992+-79.3495992
43.2725639+-79.3596167
-1
43.2725639+-79.3596167
43.2688681+-79.3697314
-1
43.2688681+-79.3697314
43.2653128+-79.3799392
-1
43.2653128+-79.3799392
43.2618994+-79.3902369
-1
43.2618994+-79.3902369
43.2586292+-79.4006206
-1
43.2586292+-79.4006206
43.2555031+-79.4110867
-1
43.2555031+-79.4110867
43.2525225+-79.4216314
-1
43.2525225+-79.4216314
43.2496886+-79.4322508
-1
43.2496886+-79.4322508
43.2470019+-79.4429411
-1
43.2470019+-79.4429411
43.2444639+-79.4536989
-1
43.2444639+-79.4536989
43.2420753+-79.4645200
-1
43.2420753+-79.4645200
43.2398367+-79.4754006
-1
43.2398367+-79.4754006
43.2377492+-79.4863369
-1
43.2377492+-79.4863369
43.2358136+-79.4973247
-1
43.2358136+-79.4973247
43.2340303+-79.5083606
-1
43.2340303+-79.5083606
43.2324000+-79.5194403
-1
43.2324000+-79.5194403
43.2309233+-79.5305597
-1
43.2309233+-79.5305597
43.2296008+-79.5417156
-1
43.2296008+-79.5417156
43.2284331+-79.5529031
-1
43.2284331+-79.5529031
43.2274203+-79.5641186
-1
43.2274203+-79.5641186
43.2265631+-79.5753583
-1
43.2265631+-79.5753583
43.2258617+-79.5866181
-1
43.2258617+-79.5866181
43.2253161+-79.5978936
-1
43.2253161+-79.5978936
43.2249267+-79.6091814
-1
43.2249267+-79.6091814
43.2246936+-79.6204772
-1
43.2246936+-79.6204772
43.2246169+-79.6317769
-1
43.2246169+-79.6317769
43.2246967+-79.6430767
-1
43.2246967+-79.6430767
43.2249328+-79.6543722
-1
43.2249328+-79.6543722
43.2253253+-79.6656597
-1
43.2253253+-79.6656597
43.2258739+-79.6769353
-1
43.2258739+-79.6769353
43.2265783+-79.6881944
-1
43.2265783+-79.6881944
43.2274386+-79.6994336
-1
43.2274386+-79.6994336
43.2284544+-79.7106489
-1
43.2284544+-79.7106489
43.2296253+-79.7218358
-1
43.2296253+-79.7218358
43.2309506+-79.7329908
-1
43.2309506+-79.7329908
43.2324303+-79.7441097
-1
43.2324303+-79.7441097
43.2340636+-79.7551886
-1
43.2340636+-79.7551886
43.2358497+-79.7662233
-1
43.2358497+-79.7662233
43.2377886+-79.7772103
-1
43.2377886+-79.7772103
43.2398789+-79.7881456
-1
43.2398789+-79.7881456
43.2421206+-79.7990250
-1
43.2421206+-79.7990250
43.2445119+-79.8098450
-1
43.2445119+-79.8098450
43.2470531+-79.8206014
-1
43.2470531+-79.8206014
43.2497425+-79.8312906
-1
43.2497425+-79.8312906
43.2525794+-79.8419086
-1
43.2525794+-79.8419086
43.2555628+-79.8524517
-1
43.2555628+-79.8524517
43.2586914+-79.8629161
-1
43.2586914+-79.8629161
43.2619644+-79.8732981
-1
43.2619644+-79.8732981
43.2653808+-79.8835942
-1
43.2653808+-79.8835942
43.2689389+-79.8938003
-1
43.2689389+-79.8938003
43.2726375+-79.9039131
-1
43.2726375+-79.9039131
43.2764756+-79.9139286
-1
43.2764756+-79.9139286
43.2804514+-79.9238436
-1
43.2804514+-79.9238436
43.2845639+-79.9336542
-1
43.2845639+-79.9336542
43.2888114+-79.9433572
-1
43.2888114+-79.9433572
43.2931925+-79.9529489
-1
43.2931925+-79.9529489
43.2977056+-79.9624261
-1
43.2977056+-79.9624261
43.3023492+-79.9717850
-1
43.3023492+-79.9717850
43.3071214+-79.9810225
-1
43.3071214+-79.9810225
43.3120203+-79.9901353
-1
43.3120203+-79.9901353
43.3170447+-79.9991197
-1
43.3170447+-79.9991197
43.3221928+-80.0079731
-1
43.3221928+-80.0079731
43.3274622+-80.0166919
-1
43.3274622+-80.0166919
43.3328514+-80.0252731
-1
43.3328514+-80.0252731
43.3383583+-80.0337136
-1
43.3383583+-80.0337136
43.3439811+-80.0420100
-1
43.3439811+-80.0420100
43.3497178+-80.0501597
-1
43.3497178+-80.0501597
43.3555664+-80.0581597
-1
43.3555664+-80.0581597
43.3615244+-80.0660069
-1
43.3615244+-80.0660069
43.3675903+-80.0736986
-1
43.3675903+-80.0736986
43.3737833+-80.0811972
-1
43.6645778+-80.2285667
43.6564511+-80.2285897
-1
43.6564511+-80.2285897
43.6483256+-80.2284031
-1
43.6483256+-80.2284031
43.6402039+-80.2280067
-1
43.6402039+-80.2280067
43.6320889+-80.2274008
-1
43.6320889+-80.2274008
43.6239836+-80.2265861
-1
43.6239836+-80.2265861
43.6158911+-80.2255622
-1
43.6158911+-80.2255622
43.6078136+-80.2243300
-1
43.6078136+-80.2243300
43.5997544+-80.2228900
-1
43.5997544+-80.2228900
43.5917164+-80.2212428
-1
43.5917164+-80.2212428
43.5837019+-80.2193889
-1
43.5837019+-80.2193889
43.5757144+-80.2173289
-1
43.5757144+-80.2173289
43.5677561+-80.2150642
-1
43.5677561+-80.2150642
43.5598300+-80.2125950
-1
43.5598300+-80.2125950
43.5519389+-80.2099228
-1
43.5519389+-80.2099228
43.5440856+-80.2070481
-1
43.5440856+-80.2070481
43.5362728+-80.2039725
-1
43.5362728+-80.2039725
43.5285031+-80.2006967
-1
43.5285031+-80.2006967
43.5207794+-80.1972222
-1
43.5207794+-80.1972222
43.5131044+-80.1935503
-1
43.5131044+-80.1935503
43.5054808+-80.1896819
-1
43.5054808+-80.1896819
43.4979111+-80.1856192
-1
43.4979111+-80.1856192
43.4903978+-80.1813631
-1
43.4903978+-80.1813631
43.4829442+-80.1769153
-1
43.4829442+-80.1769153
43.4755519+-80.1722775
-1
43.4755519+-80.1722775
43.4682244+-80.1674514
-1
43.4682244+-80.1674514
43.4609636+-80.1624383
-1
43.4609636+-80.1624383
43.4537725+-80.1572408
-1
43.4537725+-80.1572408
43.4466533+-80.1518603
-1
43.4466533+-80.1518603
43.4396086+-80.1462989
-1
43.4396086+-80.1462989
43.4326411+-80.1405583
-1
43.4326411+-80.1405583
43.4257525+-80.1346408
-1
43.4257525+-80.1346408
43.4189458+-80.1285486
-1
43.4189458+-80.1285486
43.4122233+-80.1222836
-1
43.4122233+-80.1222836
43.4055872+-80.1158483
-1
43.4055872+-80.1158483
43.3990400+-80.1092447
-1
43.3990400+-80.1092447
43.3925836+-80.1024756
-1
43.3925836+-80.1024756
43.3862206+-80.0955428
-1
43.3862206+-80.0955428
43.3799531+-80.0884494
-1
43.3799531+-80.0884494
43.3737833+-80.0811972
-1

{Advisory Airspace}
$TYPE=10
; CYOO CZ                   
44.0046119+-78.9173889
44.0056650+-78.9075617
44.0056650+-78.9075617
44.0059247+-78.8877133
44.0059247+-78.8877133
44.0037233+-78.8680978
44.0037233+-78.8680978
43.9991258+-78.8492969
43.9991258+-78.8492969
43.9922692+-78.8318689
43.9922692+-78.8318689
43.9833564+-78.8163300
43.9833564+-78.8163300
43.9726519+-78.8031400
43.9726519+-78.8031400
43.9604731+-78.7926886
43.9604731+-78.7926886
43.9471806+-78.7852836
43.9471806+-78.7852836
43.9331678+-78.7811422
43.9331678+-78.7811422
43.9188497+-78.7803844
43.9188497+-78.7803844
43.9046492+-78.7830306
43.9046492+-78.7830306
43.8909861+-78.7890000
43.8909861+-78.7890000
43.8782636+-78.7981139
43.8782636+-78.7981139
43.8668572+-78.8101019
43.8668572+-78.8101019
43.8571031+-78.8246092
43.8571031+-78.8246092
43.8492889+-78.8412064
43.8492889+-78.8412064
43.8436450+-78.8594044
43.8436450+-78.8594044
43.8403369+-78.8786669
43.8403369+-78.8786669
43.8394628+-78.8984267
43.8394628+-78.8984267
43.8410481+-78.9181017
43.8410481+-78.9181017
43.8450458+-78.9371131
43.8450458+-78.9371131
43.8513386+-78.9549008
43.8513386+-78.9549008
43.8597411+-78.9709403
43.8597411+-78.9709403
43.8700058+-78.9847586
43.8700058+-78.9847586
43.8818300+-78.9959469
43.8818300+-78.9959469
43.8948653+-79.0041739
43.8948653+-79.0041739
43.9087264+-79.0091944
43.9087264+-79.0091944
43.9230044+-79.0108583
43.9230044+-79.0108583
43.9372775+-79.0091139
43.9372775+-79.0091139
43.9511236+-79.0040100
43.9511236+-79.0040100
43.9641328+-78.9956961
43.9641328+-78.9956961
43.9759197+-78.9844156
43.9759197+-78.9844156
43.9861356+-78.9705017
43.9861356+-78.9705017
43.9944775+-78.9543653
43.9944775+-78.9543653
44.0006978+-78.9364844
44.0006978+-78.9364844
44.0046119+-78.9173889
-1
; CYXU CZ                   
43.1153022+-81.1691611
43.1161319+-81.1594372
43.1161319+-81.1594372
43.1159408+-81.1398772
43.1159408+-81.1398772
43.1132947+-81.1206525
43.1132947+-81.1206525
43.1082722+-81.1023331
43.1082722+-81.1023331
43.1010222+-81.0854625
43.1010222+-81.0854625
43.0917600+-81.0705406
43.0917600+-81.0705406
43.0807600+-81.0580086
43.0807600+-81.0580086
43.0683481+-81.0482369
43.0683481+-81.0482369
43.0548922+-81.0415128
43.0548922+-81.0415128
43.0407903+-81.0380333
43.0407903+-81.0380333
43.0264597+-81.0378997
43.0264597+-81.0378997
43.0123242+-81.0411128
43.0123242+-81.0411128
42.9988008+-81.0475758
42.9988008+-81.0475758
42.9862894+-81.0570961
42.9862894+-81.0570961
42.9751589+-81.0693908
42.9751589+-81.0693908
42.9657372+-81.0840961
42.9657372+-81.0840961
42.9583022+-81.1007775
42.9583022+-81.1007775
42.9530731+-81.1189428
42.9530731+-81.1189428
42.9502036+-81.1380572
42.9502036+-81.1380572
42.9497783+-81.1575575
42.9497783+-81.1575575
42.9518097+-81.1768697
42.9518097+-81.1768697
42.9562381+-81.1954253
42.9562381+-81.1954253
42.9629331+-81.2126772
42.9629331+-81.2126772
42.9716972+-81.2281169
42.9716972+-81.2281169
42.9822725+-81.2412889
42.9822725+-81.2412889
42.9943472+-81.2518033
42.9943472+-81.2518033
43.0075650+-81.2593483
43.0075650+-81.2593483
43.0215356+-81.2636997
43.0215356+-81.2636997
43.0358467+-81.2647264
43.0358467+-81.2647264
43.0500753+-81.2623958
43.0500753+-81.2623958
43.0638006+-81.2567747
43.0638006+-81.2567747
43.0766161+-81.2480269
43.0766161+-81.2480269
43.0881428+-81.2364103
43.0881428+-81.2364103
43.0980389+-81.2222669
43.0980389+-81.2222669
43.1060111+-81.2060156
43.1060111+-81.2060156
43.1118231+-81.1881367
43.1118231+-81.1881367
43.1153022+-81.1691611
-1
; CYHM CZ                   
43.0600333+-79.8984361
43.1257306+-80.0803417
43.1257306+-80.0803417
43.1331842+-80.0845150
43.1331842+-80.0845150
43.1486339+-80.0907111
43.1486339+-80.0907111
43.1645611+-80.0939461
43.1645611+-80.0939461
43.1806625+-80.0941558
43.1806625+-80.0941558
43.1966317+-80.0913339
43.1966317+-80.0913339
43.2121644+-80.0855322
43.2121644+-80.0855322
43.2269644+-80.0768589
43.2269644+-80.0768589
43.2407494+-80.0654772
43.2407494+-80.0654772
43.2532558+-80.0516031
43.2532558+-80.0516031
43.2642450+-80.0355003
43.2642450+-80.0355003
43.2735067+-80.0174753
43.2735067+-80.0174753
43.2808636+-79.9978722
43.2808636+-79.9978722
43.2861753+-79.9770658
43.2861753+-79.9770658
43.2893397+-79.9554539
43.2893397+-79.9554539
43.2902967+-79.9334503
43.2902967+-79.9334503
43.2890275+-79.9114767
43.2890275+-79.9114767
43.2855567+-79.8899531
43.2855567+-79.8899531
43.2799508+-79.8692922
43.2799508+-79.8692922
43.2723167+-79.8498889
43.2723167+-79.8498889
43.2628008+-79.8321139
43.2628008+-79.8321139
43.2515853+-79.8163067
43.2515853+-79.8163067
43.2388842+-79.8027678
43.2388842+-79.8027678
43.2249403+-79.7917547
43.2249403+-79.7917547
43.2100197+-79.7834761
43.2100197+-79.7834761
43.1944078+-79.7780878
43.1944078+-79.7780878
43.1784014+-79.7756903
43.1784014+-79.7756903
43.1623058+-79.7763267
43.1623058+-79.7763267
43.1464278+-79.7799828
43.1464278+-79.7799828
43.1310686+-79.7865867
43.1310686+-79.7865867
43.1165211+-79.7960106
43.1165211+-79.7960106
43.1030611+-79.8080733
43.1030611+-79.8080733
43.0909442+-79.8225450
43.0909442+-79.8225450
43.0804000+-79.8391492
43.0804000+-79.8391492
43.0716289+-79.8575703
43.0716289+-79.8575703
43.0647969+-79.8774583
43.0647969+-79.8774583
43.0600333+-79.8984361
-1
; CYKF CZ
43.5438786+-80.3883353
43.5429619+-80.3981131
43.5438786+-80.3883353
43.5438628+-80.3686358
43.5438628+-80.3686358
43.5413894+-80.3492325
43.5413894+-80.3492325
43.5365317+-80.3307011
43.5365317+-80.3307011
43.5294339+-80.3135889
43.5294339+-80.3135911
43.5203067+-80.2984097
43.5203067+-80.2984097
43.5094206+-80.2856058
43.5094206+-80.2856058
43.4970978+-80.2755575
43.4970978+-80.2755575
43.4837042+-80.2685611
43.4837042+-80.2685611
43.4696356+-80.2648214
43.4696356+-80.2648214
43.4553083+-80.2644467
43.4553083+-80.2644467
43.4411461+-80.2674456
43.4411461+-80.2674456
43.4275669+-80.2737275
43.4275669+-80.2737275
43.4149722+-80.2831047
43.4149722+-80.2831047
43.4037331+-80.2952986
43.4037331+-80.2952986
43.3941814+-80.3099483
43.3941814+-80.3099483
43.3865981+-80.3266214
43.3865981+-80.3266214
43.3812069+-80.3448253
43.3812069+-80.3448253
43.3781667+-80.3640242
43.3781667+-80.3640242
43.3775667+-80.3836525
43.3775667+-80.3836525
43.3794247+-80.4031325
43.3794247+-80.4031325
43.3836861+-80.4218906
43.3836861+-80.4218906
43.3902253+-80.4393739
43.3902253+-80.4393739
43.3988497+-80.4550675
43.3988497+-80.4550675
43.4093053+-80.4685078
43.4093053+-80.4685078
43.4212839+-80.4792975
43.4212839+-80.4792975
43.4344317+-80.4871167
43.4344317+-80.4871167
43.4483614+-80.4917325
43.4483614+-80.4917325
43.4626611+-80.4930067
43.4626611+-80.4930067
43.4769083+-80.4908992
43.4769083+-80.4908992
43.4906819+-80.4854694
43.4906819+-80.4854694
43.5035744+-80.4768767
43.5035744+-80.4768767
43.5152036+-80.4653733
43.5152036+-80.4653733
43.5252250+-80.4512981
43.5252250+-80.4512981
43.5333419+-80.4350675
43.5333419+-80.4350675
43.5393133+-80.4171622
43.5393133+-80.4171622
43.5429619+-80.3981131
-1

{CYYZ Tower Control Area}
$TYPE=11
43.7469150+-79.7320500
43.7532714+-79.7225831
-1
43.7532714+-79.7225831
43.7524669+-79.5502036
-1
43.7524669+-79.5502036
43.7363347+-79.5139886
-1
43.7363347+-79.5139886
43.6100042+-79.5353844
-1
43.6100042+-79.5353844
43.6070317+-79.5506217
-1
43.6070317+-79.5506217
43.6034294+-79.7062897
-1
43.6034294+-79.7062897
43.6166667+-79.7472219
-1
43.6166667+-79.7472219
43.7469150+-79.7320500
-1
$TYPE=15      
; CN TOWER (2055 ASL) 
43.6493589+-79.3894261
43.6412583+-79.3913361
-1
43.6493589+-79.3894261
43.6423372+-79.3838561
-1
43.6919200+-79.3876697
43.6917297+-79.3816497
-1
43.6911600+-79.3756697
43.6902197+-79.3697897
-1
43.6888997+-79.3640400
43.6872400+-79.3584697
-1
43.6852200+-79.3531200
43.6828797+-79.3480397
-1
43.6802197+-79.3432600
43.6772800+-79.3388097
-1
43.6740597+-79.3347397
43.6706000+-79.3310697
-1
43.6669197+-79.3278300
43.6630497+-79.3250500
-1
43.6590197+-79.3227397
43.6548597+-79.3209300
-1
43.6505997+-79.3196300
43.6462797+-79.3188397
-1
43.6419197+-79.3185797
43.6375600+-79.3188397
-1
43.6332400+-79.3196300
43.6289797+-79.3209300
-1
43.6248197+-79.3227397
43.6207897+-79.3250500
-1
43.6169200+-79.3278300
43.6132397+-79.3310697
-1
43.6097800+-79.3347397
43.6065600+-79.3388097
-1
43.6036197+-79.3432600
43.6009600+-79.3480397
-1
43.5986197+-79.3531200
43.5966000+-79.3584697
-1
43.5949400+-79.3640400
43.5936200+-79.3697897
-1
43.5926800+-79.3756697
43.5921097+-79.3816497
-1
43.5919200+-79.3876697
43.5921097+-79.3936900
-1
43.5926800+-79.3996700
43.5936200+-79.4055500
-1
43.5949400+-79.4112997
43.5966000+-79.4168700
-1
43.5986197+-79.4222197
43.6009600+-79.4273000
-1
43.6036197+-79.4320797
43.6065600+-79.4365300
-1
43.6097800+-79.4406000
43.6132397+-79.4442700
-1
43.6169200+-79.4475097
43.6207897+-79.4502897
-1
43.6248197+-79.4526000
43.6289797+-79.4544097
-1
43.6332400+-79.4557097
43.6375600+-79.4565000
-1
43.6419197+-79.4567600
43.6462797+-79.4565000
-1
43.6505997+-79.4557097
43.6548597+-79.4544097
-1
43.6590197+-79.4526000
43.6630497+-79.4502897
-1
43.6669197+-79.4475097
43.6706000+-79.4442700
-1
43.6740597+-79.4406000
43.6772800+-79.4365300
-1
43.6802197+-79.4320797
43.6828797+-79.4273000
-1
43.6852200+-79.4222197
43.6872400+-79.4168700
-1
43.6888997+-79.4112997
43.6902197+-79.4055500
-1
43.6911600+-79.3996700
43.6917297+-79.3936900
-1
{RUNWAYS}
$TYPE=4
;CYKZ BUTTONVILLE MUN
43.8585250+-79.3718444
43.8653667+-79.3679778
-1
43.8648222+-79.3732250
43.8563444+-79.3642250
-1
;CZBA Burlington Executive
43.4404111+-79.8531000
43.4416306+-79.8462139
-1
43.4446750+-79.8553417
43.4386694+-79.8457444
-1
;CYZD Toronto Downsview
43.7501778+-79.4738861
43.7351417+-79.4573917
-1
;CNC3 BRAMPTON-CALEDON
43.7579972+-79.8783306
43.7601111+-79.8700278
-1
43.7632750+-79.8779361
43.7563389+-79.8687250
-1
;CNC4 GUELPH
43.5597694+-80.1966333
43.5641167+-80.1914139
-1
43.5666250+-80.2020028
43.5621222+-80.1948611
-1
;CYTZ Toronto City Centre
43.6258583+-79.3975556
43.6302000+-79.3904417
-1
43.6274667+-79.4033361
43.6309750+-79.3890694
-1
;CYYZ Toronto Pearson
43.6743944+-79.6637111
43.6942194+-79.6349194
-1
43.6583000+-79.6219278
43.6752889+-79.5972361
-1
43.6610500+-79.6234278
43.6789778+-79.5973694
-1
43.6848833+-79.6511778
43.6691278+-79.6305972
-1
43.6928083+-79.6432944
43.6707972+-79.6145500
-1
;CNU8 TORONTO/MARKHAM
43.9390222+-79.2632444
43.9400000+-79.2555694
-1
;CYHM Hamilton
43.1667361+-79.9346944
43.1776056+-79.9177556
-1
43.1792722+-79.9472361
43.1727722+-79.9185722
-1
;CYKF Kitchener/Waterloo
43.4579639+-80.3897389
43.4660389+-80.3658111
-1
43.4625056+-80.3916167
43.4555111+-80.3795139
-1
;CYOO Oshawa
43.9198444+-78.8973556
43.9258111+-78.8915861
-1
43.9244278+-78.9038278
43.9202389+-78.8887889
-1
;CYXU London
43.0380028+-81.1639500
43.0412972+-81.1408111
-1
43.0421111+-81.1598306
43.0239972+-81.1380556
-1