{Airspace}
$TYPE=5
; CYYZ 05/06 ARR BOX
43.6606972+-79.6239039
43.5491339+-79.5654139
-1
43.5491339+-79.5654139
43.2738042+-79.9468428
-1
43.2738042+-79.9468428
43.4855792+-80.1810078
-1
43.4855792+-80.1810078
43.7506681+-79.7699653
-1
43.7506681+-79.7699653
43.6739972+-79.6643256
-1
43.5491339+-79.5654139
43.6000000+-79.4997222
-1
43.6000000+-79.4997222
43.6498486+-79.4918600
-1
43.6498486+-79.4918600
43.7848636+-79.6692106
-1
43.7848636+-79.6692106
43.7739183+-79.7347286
-1
43.7739183+-79.7347286
43.7506681+-79.7699653
-1
;3K-BELOW
43.5985019+-80.0059117
43.5072261+-79.8959883
-1
43.5072261+-79.8959883
43.4787306+-79.9372469
-1
43.4787306+-79.9372469
43.3768114+-79.8041417
-1
;4K-BELOW
43.4624781+-80.1554644
43.5091875+-80.0840503
-1
43.5091875+-80.0840503
43.5315483+-80.1097289
-1
; Corridor
43.5491339+-79.5654139
43.3591156+-79.4285675
-1
43.3591156+-79.4285675
43.2909428+-79.3842492
-1
43.2909428+-79.3842492
43.3139561+-79.3250678
-1
43.3139561+-79.3250678
43.3851917+-79.3670725
-1
43.3851917+-79.3670725
43.8181600+-79.2279336
-1
43.8181600+-79.2279336
43.8719681+-79.1108778
-1
43.8719681+-79.1108778
44.0282386+-79.3206886
-1
44.0282386+-79.3206886
43.9473464+-79.4029108
-1
43.9473464+-79.4029108
43.9374542+-79.8821794
-1
43.9374542+-79.8821794
44.1587686+-80.1201675
-1
44.1587686+-80.1201675
44.1280550+-80.1728969
-1
44.1280550+-80.1728969
43.9080822+-79.9358636
-1
43.9080822+-79.9358636
43.7506681+-79.7699653
-1
43.9473464+-79.4029108
43.8181600+-79.2279336
-1
43.9080819+-79.9358636
43.9374542+-79.8821794
-1
43.3851917+-79.3670725
43.3591153+-79.4285675
-1

{TCA}
$TYPE=9
;Toronto TCA
43.5459097+-80.2102200
43.8808900+-80.3199953
-1
43.8808900+-80.3199953
43.9893289+-80.0174397
-1
44.0913897+-79.6316697
44.0897397+-79.5794700
-1
44.0897397+-79.5794700
44.0848097+-79.5276597
-1
44.0848097+-79.5276597
44.0766300+-79.4766500
-1
44.0766300+-79.4766500
44.0652600+-79.4268100
-1
44.0652600+-79.4268100
44.0507897+-79.3785400
-1
44.0507897+-79.3785400
44.0333400+-79.3321897
-1
44.0333400+-79.3321897
44.0130300+-79.2881200
-1
44.0130300+-79.2881200
43.9900097+-79.2466600
-1
43.9900097+-79.2466600
43.9644697+-79.2081400
-1
43.9644697+-79.2081400
43.9365997+-79.1728397
-1
43.9365997+-79.1728397
43.9066100+-79.1410300
-1
43.9066100+-79.1410300
43.8747297+-79.1129497
-1
43.8747297+-79.1129497
43.8411897+-79.0888197
-1
43.8411897+-79.0888197
43.8062697+-79.0688300
-1
43.8062697+-79.0688300
43.7702097+-79.0531200
-1
43.7702097+-79.0531200
43.7333100+-79.0418097
-1
43.7333100+-79.0418097
43.6958300+-79.0349897
-1
43.6958300+-79.0349897
43.6580597+-79.0327097
-1
43.6580597+-79.0327097
43.6202897+-79.0349897
-1
43.6202897+-79.0349897
43.5828100+-79.0418097
-1
43.5828100+-79.0418097
43.5459000+-79.0531200
-1
43.5459000+-79.0531200
43.5098500+-79.0688300
-1
43.5098500+-79.0688300
43.4749300+-79.0888300
-1
43.4749300+-79.0888300
43.4413897+-79.1129497
-1
43.4413897+-79.1129497
43.4095097+-79.1410300
-1
43.4095097+-79.1410300
43.3795197+-79.1728397
-1
43.3795197+-79.1728397
43.3516497+-79.2081400
-1
43.3516497+-79.2081400
43.3261097+-79.2466600
-1
43.3261097+-79.2466600
43.3030897+-79.2881200
-1
43.3030897+-79.2881200
43.2827800+-79.3321897
-1
43.2827800+-79.3321897
43.2653297+-79.3785400
-1
43.2653297+-79.3785400
43.2508600+-79.4268100
-1
43.2508600+-79.4268100
43.2394900+-79.4766500
-1
43.2394900+-79.4766500
43.2313100+-79.5276597
-1
43.2313100+-79.5276597
43.2263797+-79.5794700
-1
43.2263797+-79.5794700
43.2247300+-79.6316697
-1
43.2247300+-79.6316697
43.2263797+-79.6838697
-1
43.2263797+-79.6838697
43.2313100+-79.7356800
-1
43.2313100+-79.7356800
43.2394900+-79.7866897
-1
43.2394900+-79.7866897
43.2508600+-79.8365297
-1
43.2508600+-79.8365297
43.2653297+-79.8847997
-1
43.2653297+-79.8847997
43.2827800+-79.9311500
-1
43.2827800+-79.9311500
43.3030897+-79.9752197
-1
43.3030897+-79.9752197
43.3261097+-80.0166797
-1
43.3261097+-80.0166797
43.3516497+-80.0551997
-1
43.3516497+-80.0551997
43.3795197+-80.0905000
-1
43.3795197+-80.0905000
43.4095097+-80.1223097
-1
43.4095097+-80.1223097
43.4413897+-80.1503900
-1
43.4413897+-80.1503900
43.4749300+-80.1745200
-1
43.4749300+-80.1745200
43.5098500+-80.1945097
-1
43.5098500+-80.1945097
43.5459097+-80.2102200
-1
43.9893289+-80.0174397
44.0130300+-79.9752197
-1
44.0130300+-79.9752197
44.0333400+-79.9311500
-1
44.0333400+-79.9311500
44.0507897+-79.8847997
-1
44.0507897+-79.8847997
44.0652600+-79.8365297
-1
44.0652600+-79.8365297
44.0766300+-79.7866897
-1
44.0766300+-79.7866897
44.0848097+-79.7356800
-1
44.0848097+-79.7356800
44.0897397+-79.6838697
-1
44.0897397+-79.6838697
44.0913897+-79.6316697
-1

{STARS}
$TYPE=6
;LINNG to VERKO

;NUBER to PENGO

;PENGO to ERBUS

;PENGO to VERKO

;BOXUM to ERBUS

;ERBUS to SATUR

;VERKO to DUNOL

;DENKA to AMILU

;DENKA to DUGDA

;LEPUX to DUGDA

;LEPUX to AMILU

;IMEBA to LEPUX

;RAGID to DENKA


{Final APP Intercepts}
;RWY05

;RWY06L

;RWY06R


{APP3K}
$TYPE=8
;RWY05

;RWY06L

;RWY06R
