{Airspace}
$TYPE=5
; CYYZ 23/24 ARR BOX
43.6794594+-79.5967258
43.6190136+-79.4738586
-1
43.6190136+-79.4738586
43.7378278+-79.2980442
-1
43.7378278+-79.2980442
43.8711111+-79.1005556
-1
43.8711111+-79.1005556
44.0454911+-79.3179147
-1
44.0454911+-79.3179147
43.9122078+-79.5155369
-1
43.9122078+-79.5155369
43.8073425+-79.6738878
-1
43.8073425+-79.6738878
43.6953328+-79.6334953
-1
43.9122078+-79.5155369
43.7378278+-79.2980444
-1
43.6794594+-79.5967258
43.6190136+-79.4738586
-1
43.6190136+-79.4738586
43.5819444+-79.5277775
-1
43.5819444+-79.5277775
43.5836108+-79.6075000
-1
43.5836108+-79.6075000
43.6922219+-79.7527778
-1
43.6922219+-79.7527778
43.7568550+-79.7506922
-1
43.7568550+-79.7506922
43.8073425+-79.6738878
-1
43.8073425+-79.6738878
43.6953328+-79.6334953
-1

; Corridor
43.7810100+-79.7139489
44.1587686+-80.1201675
-1
44.1587686+-80.1201675
44.1280550+-80.1728969
-1
44.1280550+-80.1728969
43.9080822+-79.9358636
-1
43.9080822+-79.9358636
43.5664942+-80.0744019
-1
43.5664942+-80.0744019
43.4817547+-80.3895886
-1
43.4817547+-80.3895886
43.4346619+-80.3687853
-1
43.4346619+-80.3687853
43.5207556+-80.0512817
-1
43.5207556+-80.0512817
43.3591156+-79.4285675
-1
43.3591156+-79.4285675
43.2909428+-79.3842492
-1
43.2909428+-79.3842492
43.3139561+-79.3250678
-1
43.3139561+-79.3250678
43.5583333+-79.4691667
-1
43.5583333+-79.4691667
43.5955058+-79.5080525
-1
43.3851917+-79.3670725
43.3591156+-79.4285675
-1
43.5207556+-80.0512817
43.5664942+-80.0744019
-1
43.9080822+-79.9358636
43.9374542+-79.8821794
-1

{TCA}
$TYPE=9
;Toronto TCA
43.5459097+-80.2102200
43.8808900+-80.3199953
-1
43.8808900+-80.3199953
43.9893289+-80.0174397
-1
44.0913897+-79.6316697
44.0897397+-79.5794700
-1
44.0897397+-79.5794700
44.0848097+-79.5276597
-1
44.0848097+-79.5276597
44.0766300+-79.4766500
-1
44.0766300+-79.4766500
44.0652600+-79.4268100
-1
44.0652600+-79.4268100
44.0507897+-79.3785400
-1
44.0507897+-79.3785400
44.0333400+-79.3321897
-1
44.0333400+-79.3321897
44.0130300+-79.2881200
-1
44.0130300+-79.2881200
43.9900097+-79.2466600
-1
43.9900097+-79.2466600
43.9644697+-79.2081400
-1
43.9644697+-79.2081400
43.9365997+-79.1728397
-1
43.9365997+-79.1728397
43.9066100+-79.1410300
-1
43.9066100+-79.1410300
43.8747297+-79.1129497
-1
43.8747297+-79.1129497
43.8411897+-79.0888197
-1
43.8411897+-79.0888197
43.8062697+-79.0688300
-1
43.8062697+-79.0688300
43.7702097+-79.0531200
-1
43.7702097+-79.0531200
43.7333100+-79.0418097
-1
43.7333100+-79.0418097
43.6958300+-79.0349897
-1
43.6958300+-79.0349897
43.6580597+-79.0327097
-1
43.6580597+-79.0327097
43.6202897+-79.0349897
-1
43.6202897+-79.0349897
43.5828100+-79.0418097
-1
43.5828100+-79.0418097
43.5459000+-79.0531200
-1
43.5459000+-79.0531200
43.5098500+-79.0688300
-1
43.5098500+-79.0688300
43.4749300+-79.0888300
-1
43.4749300+-79.0888300
43.4413897+-79.1129497
-1
43.4413897+-79.1129497
43.4095097+-79.1410300
-1
43.4095097+-79.1410300
43.3795197+-79.1728397
-1
43.3795197+-79.1728397
43.3516497+-79.2081400
-1
43.3516497+-79.2081400
43.3261097+-79.2466600
-1
43.3261097+-79.2466600
43.3030897+-79.2881200
-1
43.3030897+-79.2881200
43.2827800+-79.3321897
-1
43.2827800+-79.3321897
43.2653297+-79.3785400
-1
43.2653297+-79.3785400
43.2508600+-79.4268100
-1
43.2508600+-79.4268100
43.2394900+-79.4766500
-1
43.2394900+-79.4766500
43.2313100+-79.5276597
-1
43.2313100+-79.5276597
43.2263797+-79.5794700
-1
43.2263797+-79.5794700
43.2247300+-79.6316697
-1
43.2247300+-79.6316697
43.2263797+-79.6838697
-1
43.2263797+-79.6838697
43.2313100+-79.7356800
-1
43.2313100+-79.7356800
43.2394900+-79.7866897
-1
43.2394900+-79.7866897
43.2508600+-79.8365297
-1
43.2508600+-79.8365297
43.2653297+-79.8847997
-1
43.2653297+-79.8847997
43.2827800+-79.9311500
-1
43.2827800+-79.9311500
43.3030897+-79.9752197
-1
43.3030897+-79.9752197
43.3261097+-80.0166797
-1
43.3261097+-80.0166797
43.3516497+-80.0551997
-1
43.3516497+-80.0551997
43.3795197+-80.0905000
-1
43.3795197+-80.0905000
43.4095097+-80.1223097
-1
43.4095097+-80.1223097
43.4413897+-80.1503900
-1
43.4413897+-80.1503900
43.4749300+-80.1745200
-1
43.4749300+-80.1745200
43.5098500+-80.1945097
-1
43.5098500+-80.1945097
43.5459097+-80.2102200
-1
43.9893289+-80.0174397
44.0130300+-79.9752197
-1
44.0130300+-79.9752197
44.0333400+-79.9311500
-1
44.0333400+-79.9311500
44.0507897+-79.8847997
-1
44.0507897+-79.8847997
44.0652600+-79.8365297
-1
44.0652600+-79.8365297
44.0766300+-79.7866897
-1
44.0766300+-79.7866897
44.0848097+-79.7356800
-1
44.0848097+-79.7356800
44.0897397+-79.6838697
-1
44.0897397+-79.6838697
44.0913897+-79.6316697
-1

{STARS}
$TYPE=6
; LINNG to VERKO
43.3027469+-79.3547969
43.3633278+-79.3936308
43.5442108+-79.5101250
43.5966539+-79.5437639
-1
;NUBER to PENGO
43.4577778+-80.3774997
43.5097497+-80.1910778
43.5945778+-79.8725058
-1
;PENGO to ERBUS
43.5945778+-79.8725058
43.6947939+-79.7751108
43.7492328+-79.7220328
-1
;PENGO to VERKO
43.5945778+-79.8725058
43.5964219+-79.6360139
43.5966539+-79.5437639
-1
;BOXUM to ERBUS
44.1780558+-80.2016669
44.0177778+-80.0011108
43.8217858+-79.8169858
43.7975189+-79.7854219
43.7492328+-79.7220328
-1
;ERBUS to SATUR
43.7492328+-79.7220328
43.9757689+-79.3953278
-1
;VERKO to DUNOL
43.5966539+-79.5437639
43.8302858+-79.2020259
-1
;DENKA to AMILU
43.8697259+-79.0630558
43.8754459+-79.3074689
-1
;DENKA to DUGDA
43.8697259+-79.0630558
43.9032759+-79.3305608
-1
;LEPUX to DUGDA
44.0708328+-79.3238889
43.9032759+-79.3305608
-1
;LEPUX to AMILU
44.0708328+-79.3238889
43.8754459+-79.3074689
-1

;IMEBA to LEPUX
44.2494439+-79.0544439
44.0708328+-79.3238889
-1
;RAGID to DENKA
44.0419439+-78.8050000
43.8697259+-79.0630558
-1
{Final APP Intercepts}
;RWY23 GS
$TYPE=7
43.8146822+-79.4626406
43.8114253+-79.4617725
-1
43.8127700+-79.4644897
43.8133497+-79.4599500
-1
43.8463800+-79.4153400
43.8469600+-79.4107800
-1
43.8483097+-79.4134600
43.8450300+-79.4126600
-1

;RWY24R
43.7991086+-79.4247533
43.7958281+-79.4239536
-1
43.7971783+-79.4266133
43.7977583+-79.4220933
-1
43.8308200+-79.3775600
43.8314000+-79.3730000
-1
43.8327497+-79.3756800
43.8294700+-79.3748800
-1

;RWY24L
43.7954511+-79.4245894
43.7921706+-79.4237897
-1
43.7935208+-79.4264494
43.7941008+-79.4219294
-1
43.8272100+-79.3772797
43.8277900+-79.3727200
-1
43.8291400+-79.3753997
43.8258597+-79.3746000
-1

{APP3K}
$TYPE=8
;RWY23
43.7426278+-79.5644969
43.7788889+-79.5119444
-1
;RWY24R
43.7275578+-79.5266389
43.7633333+-79.4744444
-1
;RWY24L
43.7238939+-79.5264689
43.7595831+-79.4742558
-1