
{ARTCC}
$TYPE=9
;ZYZZWG
47.0833333+-87.0000000
47.7748111+-87.0000000
49.5333333+-87.0000000
50.0000000+-86.2666667
52.0000000+-83.1416667
53.4666667+-80.0000000
-1
;ZYZZMP
47.0833333+-87.0000000
46.7500000+-85.6333333
46.3833333+-84.5333333
46.2500000+-84.3583333
45.8166667+-83.5833333
45.3333333+-82.5000000
43.8552778+-82.1694444
-1
;ZYZZOB
43.6311111+-76.7966667
43.6322222+-77.1766667
-1
43.6322222+-77.1766667
43.6329222+-77.4529703
-1
43.6329222+-77.4529703
43.6341667+-77.9419444
-1
43.6341667+-77.9419444
43.6333333+-78.3500000
-1
43.6333333+-78.3500000
43.6333333+-78.6777778
-1
43.6333333+-78.6777778
43.6000000+-78.7500000
-1
43.6000000+-78.7500000
43.4333333+-78.7500000
-1
43.4333333+-78.7500000
43.1916667+-79.0244444
-1
43.1916667+-79.0244444
42.9500000+-79.0583333
-1
42.9500000+-79.0583333
42.9291667+-79.2000000
-1
42.9291667+-79.2000000
42.9083333+-79.3375000
-1
42.9083333+-79.3375000
42.8837433+-79.5113856
-1
42.8837433+-79.5113856
42.8500000+-79.7500000
-1
42.8500000+-79.7500000
42.8361111+-79.8444444
-1
42.8361111+-79.8444444
42.8138889+-80.2666667
-1
42.8138889+-80.2666667
42.7791667+-80.8958333
-1
42.7791667+-80.8958333
42.7416667+-81.2208333
-1
42.7416667+-81.2208333
42.8083333+-81.8277778
-1
42.8083333+-81.8277778
42.8111111+-81.8472222
-1
42.8111111+-81.8472222
42.8291667+-81.9708333
-1
42.8291667+-81.9708333
42.8533333+-82.2722222
-1
42.8533333+-82.2722222
42.8666667+-82.4083333
-1
42.8666667+-82.4083333
42.8708333+-82.4666667
-1
42.8708333+-82.4666667
42.9111111+-82.4611111
-1
42.9111111+-82.4611111
42.9541667+-82.4041667
-1
42.9541667+-82.4041667
43.0113889+-82.4166667
-1
43.0113889+-82.4166667
43.6000000+-82.1166667
-1
43.6000000+-82.1166667
43.8552778+-82.1694444
-1
;ZYZZBW
43.6311111+-76.7966667
44.1041667+-76.4166667
-1
44.1041667+-76.4166667
44.1666667+-76.3333333
-1
44.1666667+-76.3333333
44.2041667+-76.2833333
-1
44.2041667+-76.2833333
44.2041667+-76.2333333
-1
44.2041667+-76.2333333
44.2214167+-76.1917222
-1
;ZYZZUL
53.4666667+-80.0000000
49.0000000+-79.0000000
-1
49.0000000+-79.0000000
48.5870472+-79.0000000
-1
48.5870472+-79.0000000
48.5862908+-79.0119428
-1
48.5862908+-79.0119428
48.5841100+-79.0357094
-1
48.5841100+-79.0357094
48.5797036+-79.0710758
-1
48.5797036+-79.0710758
48.5760158+-79.0944125
-1
48.5760158+-79.0944125
48.5717336+-79.1175161
-1
48.5717336+-79.1175161
48.5668642+-79.1403517
-1
48.5668642+-79.1403517
48.5614142+-79.1628853
-1
48.5614142+-79.1628853
48.5553919+-79.1850836
-1
48.5553919+-79.1850836
48.5488067+-79.2069128
-1
48.5488067+-79.2069128
48.5416681+-79.2283411
-1
48.5416681+-79.2283411
48.5339867+-79.2493364
-1
48.5339867+-79.2493364
48.5257742+-79.2698675
-1
48.5257742+-79.2698675
48.5170428+-79.2899039
-1
48.5170428+-79.2899039
48.5078056+-79.3094161
-1
48.5078056+-79.3094161
48.4980761+-79.3283753
-1
48.4980761+-79.3283753
48.4878692+-79.3467536
-1
48.4878692+-79.3467536
48.4771997+-79.3645239
-1
48.4771997+-79.3645239
48.4660839+-79.3816597
-1
48.4660839+-79.3816597
48.4545381+-79.3981367
-1
48.4545381+-79.3981367
48.4425792+-79.4139306
-1
48.4425792+-79.4139306
48.4302256+-79.4290181
-1
48.4302256+-79.4290181
48.4174953+-79.4433775
-1
48.4174953+-79.4433775
48.4044069+-79.4569881
-1
48.4044069+-79.4569881
48.3909803+-79.4698303
-1
48.3909803+-79.4698303
48.3772353+-79.4818858
-1
48.3772353+-79.4818858
48.3631919+-79.4931372
-1
48.3631919+-79.4931372
48.3488714+-79.5035683
-1
48.3488714+-79.5035683
48.3342947+-79.5131650
-1
48.3342947+-79.5131650
48.3194831+-79.5219133
-1
48.3194831+-79.5219133
48.3044589+-79.5298014
-1
48.3044589+-79.5298014
48.2892436+-79.5368183
-1
48.2892436+-79.5368183
48.2738603+-79.5429544
-1
48.2738603+-79.5429544
48.2583314+-79.5482014
-1
48.2583314+-79.5482014
48.2426797+-79.5525525
-1
48.2426797+-79.5525525
48.2269281+-79.5560022
-1
48.2269281+-79.5560022
48.2110997+-79.5585461
-1
48.2110997+-79.5585461
48.1952181+-79.5601817
-1
48.1952181+-79.5601817
48.1793058+-79.5609069
-1
48.1793058+-79.5609069
48.1633869+-79.5607217
-1
48.1633869+-79.5607217
48.1474842+-79.5596272
-1
48.1474842+-79.5596272
48.1316211+-79.5576261
-1
48.1316211+-79.5576261
48.1158208+-79.5547219
-1
48.1158208+-79.5547219
48.1001061+-79.5509197
-1
48.1001061+-79.5509197
48.0845000+-79.5462258
-1
48.0845000+-79.5462258
48.0690253+-79.5406481
-1
48.0690253+-79.5406481
48.0537044+-79.5341950
-1
48.0537044+-79.5341950
48.0385597+-79.5268769
-1
48.0385597+-79.5268769
48.0236131+-79.5187056
-1
48.0236131+-79.5187056
48.0088864+-79.5096931
-1
48.0088864+-79.5096931
47.9944006+-79.4998533
-1
47.9944006+-79.4998533
47.9801769+-79.4892014
-1
47.9801769+-79.4892014
47.9662361+-79.4777533
-1
47.9662361+-79.4777533
47.9525978+-79.4655261
-1
47.9525978+-79.4655261
47.9392822+-79.4525381
-1
47.9392822+-79.4525381
47.9263083+-79.4388086
-1
47.9263083+-79.4388086
47.9136950+-79.4243581
-1
47.9136950+-79.4243581
47.9014603+-79.4092078
-1
47.9014603+-79.4092078
47.8896217+-79.3933800
-1
47.8896217+-79.3933800
47.8781964+-79.3768981
-1
47.8781964+-79.3768981
47.8672008+-79.3597858
-1
47.8672008+-79.3597858
47.8566511+-79.3420686
-1
47.8566511+-79.3420686
47.8465617+-79.3237719
-1
47.8465617+-79.3237719
47.8369475+-79.3049228
-1
47.8369475+-79.3049228
47.8278225+-79.2855481
-1
47.8278225+-79.2855481
47.8191994+-79.2656761
-1
47.8191994+-79.2656761
47.8110908+-79.2453356
-1
47.8110908+-79.2453356
47.8035081+-79.2245556
-1
47.8035081+-79.2245556
47.7964622+-79.2033661
-1
47.7964622+-79.2033661
47.7899636+-79.1817981
-1
47.7899636+-79.1817981
47.7840211+-79.1598819
-1
47.7840211+-79.1598819
47.7786433+-79.1376497
-1
47.7786433+-79.1376497
47.7738381+-79.1151325
-1
47.7738381+-79.1151325
47.7696122+-79.0923633
-1
47.7696122+-79.0923633
47.7659717+-79.0693744
-1
47.7659717+-79.0693744
47.7629219+-79.0461986
-1
47.7629219+-79.0461986
47.7604669+-79.0228692
-1
47.7604669+-79.0228692
47.7586103+-78.9994192
-1
47.7586103+-78.9994192
47.7573550+-78.9758825
-1
47.7573550+-78.9758825
47.7567022+-78.9522925
-1
47.7567022+-78.9522925
47.7566536+-78.9286831
-1
47.7566536+-78.9286831
47.7572086+-78.9050878
-1
47.7572086+-78.9050878
47.7583669+-78.8815403
-1
47.7583669+-78.8815403
47.7601267+-78.8580742
-1
47.7601267+-78.8580742
47.7624853+-78.8347228
-1
47.7624853+-78.8347228
47.7654394+-78.8115200
-1
47.7654394+-78.8115200
47.7689850+-78.7884986
-1
47.7689850+-78.7884986
47.7723411+-78.7698164
-1
47.7723411+-78.7698164
47.7754008+-78.7543789
-1
47.7754008+-78.7543789
47.7804008+-78.7319547
-1
47.7804008+-78.7319547
47.7859706+-78.7098258
-1
47.7859706+-78.7098258
47.7921025+-78.6880242
-1
47.7921025+-78.6880242
47.7987875+-78.6665808
-1
47.7987875+-78.6665808
47.8060164+-78.6455267
-1
47.8060164+-78.6455267
47.8137783+-78.6248922
-1
47.8137783+-78.6248922
47.8220625+-78.6047072
-1
47.8220625+-78.6047072
47.8308569+-78.5850003
-1
47.8308569+-78.5850003
47.8400639+-78.5657056
-1
47.8400639+-78.5657056
47.5542583+-78.5657056
-1
47.5542583+-78.5657056
47.1111028+-77.5458639
-1
47.1111028+-77.5458639
46.9468806+-77.2500000
-1
46.9468806+-77.2500000
46.1333333+-77.2500000
-1
46.1333333+-77.2500000
45.9611111+-76.9277778
-1
45.9611111+-76.9277778
45.8375000+-76.2666667
-1
45.8375000+-76.2666667
44.2214167+-76.1917222
-1